* Starting client
* Connecting to master process on port 2059
* Analyzing classpath: 
  - /mnt/c/Users/Helen/Documents/DataScience18668/GroupProject/project/presto/presto-parser/target/classes
  - /home/helen/.m2/repository/javax/inject/javax.inject/1/javax.inject-1.jar
  - /home/helen/.m2/repository/com/google/code/findbugs/jsr305/3.0.2/jsr305-3.0.2.jar
  - /home/helen/.m2/repository/io/airlift/slice/0.38/slice-0.38.jar
  - /home/helen/.m2/repository/org/openjdk/jol/jol-core/0.2/jol-core-0.2.jar
  - /home/helen/.m2/repository/com/google/guava/guava/26.0-jre/guava-26.0-jre.jar
  - /home/helen/.m2/repository/org/checkerframework/checker-qual/2.5.2/checker-qual-2.5.2.jar
  - /home/helen/.m2/repository/com/google/errorprone/error_prone_annotations/2.1.3/error_prone_annotations-2.1.3.jar
  - /home/helen/.m2/repository/com/google/j2objc/j2objc-annotations/1.1/j2objc-annotations-1.1.jar
  - /home/helen/.m2/repository/org/codehaus/mojo/animal-sniffer-annotations/1.14/animal-sniffer-annotations-1.14.jar
  - /home/helen/.m2/repository/org/antlr/antlr4-runtime/4.7.1/antlr4-runtime-4.7.1.jar
  - /home/helen/.m2/repository/com/facebook/airlift/log/0.201/log-0.201.jar
  - /mnt/c/Users/Helen/Documents/DataScience18668/GroupProject/project/presto/presto-testng-services/target/classes
  - /home/helen/.m2/repository/io/airlift/units/1.3/units-1.3.jar
  - /home/helen/.m2/repository/com/facebook/airlift/concurrent/0.201/concurrent-0.201.jar
  - /home/helen/.m2/repository/org/testng/testng/6.10/testng-6.10.jar
  - /home/helen/.m2/repository/com/beust/jcommander/1.48/jcommander-1.48.jar
* Finished analyzing classpath
* Generating tests for class com.facebook.presto.sql.parser.AstBuilder
* Test criteria:
  - Line Coverage
  - Branch Coverage
  - Exception
  - Mutation testing (weak)
  - Method-Output Coverage
  - Top-Level Method Coverage
  - No-Exception Top-Level Method Coverage
  - Context Branch Coverage
* Setting up search algorithm for whole suite generation
* Loaded 9 tests from /mnt/c/Users/Helen/Documents/DataScience18668/GroupProject/project/presto/presto-parser/.evosuite/evosuite-seeds/com.facebook.presto.sql.parser.AstBuilder.seed
* Total number of test goals: 
  - Line 968
  - Branch 674
  - Exception 0
  - MutationFactory 587
  - Output 339
  - Method 163
  - MethodNoException 163
  - CBranchFitnessFactory 674
* Using seed 1637282957494
* Starting evolution
[MASTER] 16:50:41.609 [pool-2-thread-1] WARN  TimeController - Phase INITIALIZATION lasted too long, 23 seconds more than allowed.
[MASTER] 16:52:02.631 [pool-2-thread-1] WARN  TestChromosome - Functional mock problem: org.evosuite.ga.ConstructionFailedException: Failed to add constructor for com.facebook.presto.sql.parser.SqlBaseParser due to org.evosuite.ga.ConstructionFailedException: Failed to add constructor for org.antlr.v4.runtime.BufferedTokenStream due to org.evosuite.ga.ConstructionFailedException: Failed to add constructor for org.antlr.v4.runtime.ListTokenSource due to org.evosuite.ga.ConstructionFailedException: Max recursion depth reached
[MASTER] 16:52:04.360 [pool-2-thread-1] WARN  TestChromosome - Functional mock problem: org.evosuite.ga.ConstructionFailedException: Failed to add constructor for com.facebook.presto.sql.parser.SqlBaseParser$IntervalLiteralContext due to org.evosuite.ga.ConstructionFailedException: Failed to add constructor for com.facebook.presto.sql.parser.SqlBaseParser$SimpleCaseContext due to org.evosuite.ga.ConstructionFailedException: Failed to add constructor for com.facebook.presto.sql.parser.SqlBaseParser$ArrayConstructorContext due to org.evosuite.ga.ConstructionFailedException: Failed to add constructor for com.facebook.presto.sql.parser.SqlBaseParser$CastContext due to org.evosuite.ga.ConstructionFailedException: Max recursion depth reached
[MASTER] 16:52:07.663 [pool-2-thread-1] WARN  TestChromosome - Functional mock problem: org.evosuite.ga.ConstructionFailedException: Failed to add constructor for com.facebook.presto.sql.parser.SqlBaseParser$SetOperationContext due to org.evosuite.ga.ConstructionFailedException: Failed to add constructor for com.facebook.presto.sql.parser.SqlBaseParser$QueryContext due to org.evosuite.ga.ConstructionFailedException: Failed to add constructor for com.facebook.presto.sql.parser.SqlBaseParser$PrimaryExpressionContext due to org.evosuite.ga.ConstructionFailedException: Failed to add constructor for com.facebook.presto.sql.parser.SqlBaseParser$JoinTypeContext due to org.evosuite.ga.ConstructionFailedException: Max recursion depth reached
[MASTER] 16:52:08.400 [pool-2-thread-1] WARN  TestChromosome - Functional mock problem: org.evosuite.ga.ConstructionFailedException: Failed to add constructor for org.antlr.v4.runtime.LexerInterpreter due to org.evosuite.ga.ConstructionFailedException: Failed to add constructor for com.facebook.presto.sql.parser.SqlBaseParser due to org.evosuite.ga.ConstructionFailedException: Failed to add constructor for org.antlr.v4.runtime.UnbufferedTokenStream due to org.evosuite.ga.ConstructionFailedException: Failed to add constructor for org.antlr.v4.runtime.ListTokenSource due to org.evosuite.ga.ConstructionFailedException: Max recursion depth reached
[MASTER] 16:52:08.763 [pool-2-thread-1] WARN  TestChromosome - Functional mock problem: org.evosuite.ga.ConstructionFailedException: Failed to add constructor for com.facebook.presto.sql.parser.SqlBaseParser$SpecialDateTimeFunctionContext due to org.evosuite.ga.ConstructionFailedException: Failed to add constructor for com.facebook.presto.sql.parser.SqlBaseParser$IntervalLiteralContext due to org.evosuite.ga.ConstructionFailedException: Failed to add constructor for com.facebook.presto.sql.parser.SqlBaseParser$ColumnReferenceContext due to org.evosuite.ga.ConstructionFailedException: Failed to add constructor for com.facebook.presto.sql.parser.SqlBaseParser$SubscriptContext due to org.evosuite.ga.ConstructionFailedException: Failed to add constructor for com.facebook.presto.sql.parser.SqlBaseParser$BinaryLiteralContext due to org.evosuite.ga.ConstructionFailedException: Max recursion depth reached
[MASTER] 16:52:10.455 [pool-2-thread-1] WARN  TestChromosome - Functional mock problem: org.evosuite.ga.ConstructionFailedException: Failed to add constructor for com.facebook.presto.sql.parser.SqlBaseParser$UnboundedFrameContext due to org.evosuite.ga.ConstructionFailedException: Failed to add constructor for com.facebook.presto.sql.parser.SqlBaseParser$FrameBoundContext due to org.evosuite.ga.ConstructionFailedException: Failed to add constructor for com.facebook.presto.sql.parser.SqlBaseParser$ReadCommittedContext due to org.evosuite.ga.ConstructionFailedException: Failed to add constructor for com.facebook.presto.sql.parser.SqlBaseParser$SerializableContext due to org.evosuite.ga.ConstructionFailedException: Failed to add constructor for com.facebook.presto.sql.parser.SqlBaseParser$RepeatableReadContext due to org.evosuite.ga.ConstructionFailedException: Max recursion depth reached
[MASTER] 16:52:10.513 [pool-2-thread-1] WARN  TestChromosome - Functional mock problem: org.evosuite.ga.ConstructionFailedException: Failed to add constructor for com.facebook.presto.sql.parser.SqlBaseParser$FunctionCallContext due to org.evosuite.ga.ConstructionFailedException: Failed to add constructor for com.facebook.presto.sql.parser.SqlBaseParser$ParameterContext due to org.evosuite.ga.ConstructionFailedException: Failed to add constructor for com.facebook.presto.sql.parser.SqlBaseParser$ExistsContext due to org.evosuite.ga.ConstructionFailedException: Failed to add constructor for com.facebook.presto.sql.parser.SqlBaseParser$SpecialDateTimeFunctionContext due to org.evosuite.ga.ConstructionFailedException: Max recursion depth reached
[MASTER] 16:52:11.609 [pool-2-thread-1] WARN  TestChromosome - Functional mock problem: org.evosuite.ga.ConstructionFailedException: Failed to add constructor for org.antlr.v4.runtime.CommonToken due to org.evosuite.ga.ConstructionFailedException: Failed to add constructor for org.antlr.v4.runtime.misc.Pair due to org.evosuite.ga.ConstructionFailedException: Failed to add constructor for com.facebook.presto.sql.parser.SqlBaseLexer due to org.evosuite.ga.ConstructionFailedException: Max recursion depth reached
[MASTER] 16:52:11.650 [pool-2-thread-1] WARN  TestChromosome - Functional mock problem: org.evosuite.ga.ConstructionFailedException: Failed to add constructor for com.facebook.presto.sql.parser.SqlBaseParser$CreateFunctionContext due to org.evosuite.ga.ConstructionFailedException: Failed to add constructor for com.facebook.presto.sql.parser.SqlBaseParser$DescribeInputContext due to org.evosuite.ga.ConstructionFailedException: Failed to add constructor for com.facebook.presto.sql.parser.SqlBaseParser$CreateTableAsSelectContext due to org.evosuite.ga.ConstructionFailedException: Failed to add constructor for com.facebook.presto.sql.parser.SqlBaseParser$SetSessionContext due to org.evosuite.ga.ConstructionFailedException: Max recursion depth reached
[MASTER] 16:52:14.324 [pool-2-thread-1] WARN  TestChromosome - Functional mock problem: org.evosuite.ga.ConstructionFailedException: Failed to add constructor for org.antlr.v4.runtime.UnbufferedTokenStream due to org.evosuite.ga.ConstructionFailedException: Failed to add constructor for org.antlr.v4.runtime.misc.Pair due to org.evosuite.ga.ConstructionFailedException: Failed to add constructor for org.antlr.v4.runtime.ListTokenSource due to org.evosuite.ga.ConstructionFailedException: Max recursion depth reached
[MASTER] 16:52:15.511 [pool-2-thread-1] WARN  TestChromosome - Functional mock problem: org.evosuite.ga.ConstructionFailedException: Failed to add constructor for org.antlr.v4.runtime.ParserInterpreter due to org.evosuite.ga.ConstructionFailedException: Failed to add constructor for com.facebook.presto.sql.parser.SqlBaseParser due to org.evosuite.ga.ConstructionFailedException: Failed to add constructor for org.antlr.v4.runtime.CommonTokenStream due to org.evosuite.ga.ConstructionFailedException: Failed to add constructor for org.antlr.v4.runtime.ListTokenSource due to org.evosuite.ga.ConstructionFailedException: Max recursion depth reached
[MASTER] 16:52:18.505 [pool-2-thread-1] WARN  TestChromosome - Functional mock problem: org.evosuite.ga.ConstructionFailedException: Failed to add constructor for com.facebook.presto.sql.parser.SqlBaseParser$CurrentUserContext due to org.evosuite.ga.ConstructionFailedException: Failed to add constructor for com.facebook.presto.sql.parser.SqlBaseParser$SpecialDateTimeFunctionContext due to org.evosuite.ga.ConstructionFailedException: Failed to add constructor for com.facebook.presto.sql.parser.SqlBaseParser$ParenthesizedExpressionContext due to org.evosuite.ga.ConstructionFailedException: Failed to add constructor for com.facebook.presto.sql.parser.SqlBaseParser$SimpleCaseContext due to org.evosuite.ga.ConstructionFailedException: Failed to add constructor for com.facebook.presto.sql.parser.SqlBaseParser$LambdaContext due to org.evosuite.ga.ConstructionFailedException: Max recursion depth reached
[MASTER] 16:52:18.794 [pool-2-thread-1] WARN  TestChromosome - Functional mock problem: org.evosuite.ga.ConstructionFailedException: Failed to add constructor for com.facebook.presto.sql.parser.SqlBaseParser$SubqueryContext due to org.evosuite.ga.ConstructionFailedException: Failed to add constructor for com.facebook.presto.sql.parser.SqlBaseParser$QueryPrimaryContext due to org.evosuite.ga.ConstructionFailedException: Failed to add constructor for com.facebook.presto.sql.parser.SqlBaseParser$RollbackContext due to org.evosuite.ga.ConstructionFailedException: Failed to add constructor for com.facebook.presto.sql.parser.SqlBaseParser$StatementDefaultContext due to org.evosuite.ga.ConstructionFailedException: Max recursion depth reached
[MASTER] 16:52:18.922 [pool-2-thread-1] WARN  TestChromosome - Functional mock problem: org.evosuite.ga.ConstructionFailedException: Failed to add constructor for org.antlr.v4.runtime.ParserInterpreter due to org.evosuite.ga.ConstructionFailedException: Failed to add constructor for org.antlr.v4.runtime.BufferedTokenStream due to org.evosuite.ga.ConstructionFailedException: Failed to add constructor for org.antlr.v4.runtime.ListTokenSource due to org.evosuite.ga.ConstructionFailedException: Failed to add constructor for java.util.LinkedHashSet due to org.evosuite.ga.ConstructionFailedException: Max recursion depth reached
[MASTER] 16:52:19.524 [pool-2-thread-1] WARN  TestChromosome - Functional mock problem: org.evosuite.ga.ConstructionFailedException: Failed to add constructor for com.facebook.presto.sql.parser.SqlBaseParser$TransactionAccessModeContext due to org.evosuite.ga.ConstructionFailedException: Have no generator for class com.facebook.presto.sql.parser.SqlBaseParser canUseFunctionalMocks=false, canBeMocked: true
[MASTER] 16:52:20.499 [pool-2-thread-1] WARN  TestChromosome - Functional mock problem: org.evosuite.ga.ConstructionFailedException: Failed to add constructor for com.facebook.presto.sql.parser.SqlBaseParser$IntervalLiteralContext due to org.evosuite.ga.ConstructionFailedException: Failed to add constructor for com.facebook.presto.sql.parser.SqlBaseParser$PositionContext due to org.evosuite.ga.ConstructionFailedException: Failed to add constructor for com.facebook.presto.sql.parser.SqlBaseParser$NormalizeContext due to org.evosuite.ga.ConstructionFailedException: Failed to add constructor for com.facebook.presto.sql.parser.SqlBaseParser$SpecialDateTimeFunctionContext due to org.evosuite.ga.ConstructionFailedException: Max recursion depth reached
[MASTER] 16:52:20.501 [pool-2-thread-1] WARN  TestChromosome - Functional mock problem: org.evosuite.ga.ConstructionFailedException: Failed to add constructor for org.antlr.v4.runtime.CommonTokenStream due to org.evosuite.ga.ConstructionFailedException: Failed to add constructor for org.antlr.v4.runtime.CommonToken due to org.evosuite.ga.ConstructionFailedException: Failed to add constructor for org.antlr.v4.runtime.misc.Pair due to org.evosuite.ga.ConstructionFailedException: Failed to add constructor for org.antlr.v4.runtime.ANTLRInputStream due to org.evosuite.ga.ConstructionFailedException: Max recursion depth reached
[MASTER] 16:52:20.764 [pool-2-thread-1] WARN  TestChromosome - Functional mock problem: org.evosuite.ga.ConstructionFailedException: Failed to add constructor for com.facebook.presto.sql.parser.SqlBaseParser due to org.evosuite.ga.ConstructionFailedException: Failed to add constructor for org.antlr.v4.runtime.UnbufferedTokenStream due to org.evosuite.ga.ConstructionFailedException: Failed to add constructor for org.antlr.v4.runtime.ListTokenSource due to org.evosuite.ga.ConstructionFailedException: Max recursion depth reached
[MASTER] 16:52:22.393 [pool-2-thread-1] WARN  TestChromosome - Functional mock problem: org.evosuite.ga.ConstructionFailedException: Failed to add constructor for com.facebook.presto.sql.parser.SqlBaseParser$TableElementContext due to org.evosuite.ga.ConstructionFailedException: Failed to add constructor for com.facebook.presto.sql.parser.SqlBaseParser due to org.evosuite.ga.ConstructionFailedException: Failed to add constructor for org.antlr.v4.runtime.BufferedTokenStream due to org.evosuite.ga.ConstructionFailedException: Failed to add constructor for org.antlr.v4.runtime.LexerInterpreter due to org.evosuite.ga.ConstructionFailedException: Max recursion depth reached
[MASTER] 16:52:24.094 [pool-2-thread-1] WARN  TestChromosome - Functional mock problem: org.evosuite.ga.ConstructionFailedException: Failed to add constructor for org.antlr.v4.runtime.LexerInterpreter due to org.evosuite.ga.ConstructionFailedException: Failed to add constructor for com.facebook.presto.sql.parser.SqlBaseParser due to org.evosuite.ga.ConstructionFailedException: Failed to add constructor for org.antlr.v4.runtime.BufferedTokenStream due to org.evosuite.ga.ConstructionFailedException: Failed to add constructor for com.facebook.presto.sql.parser.SqlBaseLexer due to org.evosuite.ga.ConstructionFailedException: Max recursion depth reached
[MASTER] 16:52:25.143 [pool-2-thread-1] WARN  TestChromosome - Functional mock problem: org.evosuite.ga.ConstructionFailedException: Failed to add constructor for org.antlr.v4.runtime.CommonTokenStream due to org.evosuite.ga.ConstructionFailedException: Failed to add constructor for org.antlr.v4.runtime.UnbufferedTokenStream due to org.evosuite.ga.ConstructionFailedException: Failed to add constructor for org.antlr.v4.runtime.ListTokenSource due to org.evosuite.ga.ConstructionFailedException: Max recursion depth reached
[MASTER] 16:52:25.571 [pool-2-thread-1] WARN  TestChromosome - Functional mock problem: org.evosuite.ga.ConstructionFailedException: Failed to add constructor for com.facebook.presto.sql.parser.SqlBaseParser$CurrentUserContext due to org.evosuite.ga.ConstructionFailedException: Failed to add constructor for com.facebook.presto.sql.parser.SqlBaseParser$DereferenceContext due to org.evosuite.ga.ConstructionFailedException: Failed to add constructor for com.facebook.presto.sql.parser.SqlBaseParser$ColumnReferenceContext due to org.evosuite.ga.ConstructionFailedException: Failed to add constructor for com.facebook.presto.sql.parser.SqlBaseParser$BinaryLiteralContext due to org.evosuite.ga.ConstructionFailedException: Failed to add constructor for com.facebook.presto.sql.parser.SqlBaseParser$PrimaryExpressionContext due to org.evosuite.ga.ConstructionFailedException: Max recursion depth reached
[MASTER] 16:52:26.154 [pool-2-thread-1] WARN  TestChromosome - Functional mock problem: org.evosuite.ga.ConstructionFailedException: Failed to add constructor for org.antlr.v4.runtime.ParserInterpreter due to org.evosuite.ga.ConstructionFailedException: Failed to add constructor for com.facebook.presto.sql.parser.SqlBaseLexer due to org.evosuite.ga.ConstructionFailedException: Max recursion depth reached
[MASTER] 16:52:26.661 [pool-2-thread-1] WARN  TestChromosome - Functional mock problem: org.evosuite.ga.ConstructionFailedException: Failed to add constructor for com.facebook.presto.sql.parser.SqlBaseParser$SpecialDateTimeFunctionContext due to org.evosuite.ga.ConstructionFailedException: Failed to add constructor for com.facebook.presto.sql.parser.SqlBaseParser$CurrentUserContext due to org.evosuite.ga.ConstructionFailedException: Failed to add constructor for com.facebook.presto.sql.parser.SqlBaseParser$LambdaContext due to org.evosuite.ga.ConstructionFailedException: Failed to add constructor for com.facebook.presto.sql.parser.SqlBaseParser$SubstringContext due to org.evosuite.ga.ConstructionFailedException: Failed to add constructor for com.facebook.presto.sql.parser.SqlBaseParser$NormalizeContext due to org.evosuite.ga.ConstructionFailedException: Max recursion depth reached
[MASTER] 16:52:30.320 [pool-2-thread-1] WARN  TestChromosome - Functional mock problem: org.evosuite.ga.ConstructionFailedException: Have no generator for class org.antlr.v4.runtime.ParserInterpreter canUseFunctionalMocks=false, canBeMocked: true
[MASTER] 16:52:32.442 [pool-2-thread-1] WARN  TestChromosome - Functional mock problem: org.evosuite.ga.ConstructionFailedException: Failed to add constructor for com.facebook.presto.sql.parser.SqlBaseParser$RoutineCharacteristicContext due to org.evosuite.ga.ConstructionFailedException: Failed to add constructor for com.facebook.presto.sql.parser.SqlBaseParser$DereferenceContext due to org.evosuite.ga.ConstructionFailedException: Failed to add constructor for com.facebook.presto.sql.parser.SqlBaseParser$ParameterContext due to org.evosuite.ga.ConstructionFailedException: Failed to add constructor for com.facebook.presto.sql.parser.SqlBaseParser$SpecialDateTimeFunctionContext due to org.evosuite.ga.ConstructionFailedException: Max recursion depth reached
[MASTER] 16:52:35.832 [pool-2-thread-1] WARN  TestChromosome - Functional mock problem: org.evosuite.ga.ConstructionFailedException: Failed to add constructor for com.facebook.presto.sql.parser.SqlBaseParser$LikeClauseContext due to org.evosuite.ga.ConstructionFailedException: Failed to add constructor for com.facebook.presto.sql.parser.SqlBaseParser$AlterFunctionContext due to org.evosuite.ga.ConstructionFailedException: Failed to add constructor for com.facebook.presto.sql.parser.SqlBaseParser$DeleteContext due to org.evosuite.ga.ConstructionFailedException: Failed to add constructor for com.facebook.presto.sql.parser.SqlBaseParser$ExecuteContext due to org.evosuite.ga.ConstructionFailedException: Max recursion depth reached
[MASTER] 16:52:36.118 [pool-2-thread-1] WARN  TestChromosome - Functional mock problem: org.evosuite.ga.ConstructionFailedException: Failed to add constructor for com.facebook.presto.sql.parser.SqlBaseParser$CreateTypeContext due to org.evosuite.ga.ConstructionFailedException: Failed to add constructor for com.facebook.presto.sql.parser.SqlBaseParser$AlterFunctionContext due to org.evosuite.ga.ConstructionFailedException: Failed to add constructor for com.facebook.presto.sql.parser.SqlBaseParser$ShowCatalogsContext due to org.evosuite.ga.ConstructionFailedException: Failed to add constructor for com.facebook.presto.sql.parser.SqlBaseParser$ShowSessionContext due to org.evosuite.ga.ConstructionFailedException: Failed to add constructor for com.facebook.presto.sql.parser.SqlBaseParser$ShowColumnsContext due to org.evosuite.ga.ConstructionFailedException: Max recursion depth reached
[MASTER] 16:52:38.588 [pool-2-thread-1] WARN  TestChromosome - Functional mock problem: org.evosuite.ga.ConstructionFailedException: Failed to add constructor for com.facebook.presto.sql.parser.SqlBaseParser$ResetSessionContext due to org.evosuite.ga.ConstructionFailedException: Failed to add constructor for com.facebook.presto.sql.parser.SqlBaseParser$DropColumnContext due to org.evosuite.ga.ConstructionFailedException: Failed to add constructor for com.facebook.presto.sql.parser.SqlBaseParser$ShowColumnsContext due to org.evosuite.ga.ConstructionFailedException: Failed to add constructor for com.facebook.presto.sql.parser.SqlBaseParser$SetRoleContext due to org.evosuite.ga.ConstructionFailedException: Failed to add constructor for com.facebook.presto.sql.parser.SqlBaseParser$CreateRoleContext due to org.evosuite.ga.ConstructionFailedException: Max recursion depth reached
[MASTER] 16:52:38.661 [pool-2-thread-1] WARN  TestChromosome - Functional mock problem: org.evosuite.ga.ConstructionFailedException: Failed to add constructor for com.facebook.presto.sql.parser.SqlBaseParser$CreateFunctionContext due to org.evosuite.ga.ConstructionFailedException: Failed to add constructor for com.facebook.presto.sql.parser.SqlBaseParser$DeleteContext due to org.evosuite.ga.ConstructionFailedException: Failed to add constructor for com.facebook.presto.sql.parser.SqlBaseParser$PrepareContext due to org.evosuite.ga.ConstructionFailedException: Failed to add constructor for com.facebook.presto.sql.parser.SqlBaseParser$AddColumnContext due to org.evosuite.ga.ConstructionFailedException: Failed to add constructor for com.facebook.presto.sql.parser.SqlBaseParser$DropSchemaContext due to org.evosuite.ga.ConstructionFailedException: Max recursion depth reached
[MASTER] 16:52:39.406 [pool-2-thread-1] WARN  TestChromosome - Functional mock problem: org.evosuite.ga.ConstructionFailedException: Have no generator for class com.facebook.presto.sql.parser.SqlBaseParser canUseFunctionalMocks=false, canBeMocked: true
[MASTER] 16:52:42.724 [pool-2-thread-1] WARN  TestChromosome - Functional mock problem: org.evosuite.ga.ConstructionFailedException: Failed to add constructor for com.facebook.presto.type.TypeCalculationParser$ArithmeticBinaryContext due to org.evosuite.ga.ConstructionFailedException: Failed to add constructor for com.facebook.presto.type.TypeCalculationParser$NullLiteralContext due to org.evosuite.ga.ConstructionFailedException: Failed to add constructor for com.facebook.presto.type.TypeCalculationParser$ExpressionContext due to org.evosuite.ga.ConstructionFailedException: Failed to add constructor for com.facebook.presto.sql.parser.SqlBaseParser$PredicateContext due to org.evosuite.ga.ConstructionFailedException: Failed to add constructor for com.facebook.presto.sql.parser.SqlBaseParser$CurrentUserGrantorContext due to org.evosuite.ga.ConstructionFailedException: Max recursion depth reached
[MASTER] 16:52:42.879 [pool-2-thread-1] WARN  TestChromosome - Functional mock problem: org.evosuite.ga.ConstructionFailedException: Failed to add constructor for com.facebook.presto.sql.parser.SqlBaseParser$ShowCreateMaterializedViewContext due to org.evosuite.ga.ConstructionFailedException: Failed to add constructor for com.facebook.presto.sql.parser.SqlBaseParser$ResetSessionContext due to org.evosuite.ga.ConstructionFailedException: Failed to add constructor for com.facebook.presto.sql.parser.SqlBaseParser$DropColumnContext due to org.evosuite.ga.ConstructionFailedException: Failed to add constructor for com.facebook.presto.sql.parser.SqlBaseParser$ShowGrantsContext due to org.evosuite.ga.ConstructionFailedException: Failed to add constructor for com.facebook.presto.sql.parser.SqlBaseParser$DropSchemaContext due to org.evosuite.ga.ConstructionFailedException: Max recursion depth reached
[MASTER] 16:52:43.290 [pool-2-thread-1] WARN  TestChromosome - Functional mock problem: org.evosuite.ga.ConstructionFailedException: Failed to add constructor for com.facebook.presto.sql.parser.SqlBaseParser$SpecialDateTimeFunctionContext due to org.evosuite.ga.ConstructionFailedException: Failed to add constructor for com.facebook.presto.sql.parser.SqlBaseParser$BooleanLiteralContext due to org.evosuite.ga.ConstructionFailedException: Failed to add constructor for com.facebook.presto.sql.parser.SqlBaseParser$DereferenceContext due to org.evosuite.ga.ConstructionFailedException: Failed to add constructor for com.facebook.presto.sql.parser.SqlBaseParser$IntervalLiteralContext due to org.evosuite.ga.ConstructionFailedException: Failed to add constructor for com.facebook.presto.sql.parser.SqlBaseParser$ColumnReferenceContext due to org.evosuite.ga.ConstructionFailedException: Max recursion depth reached
[MASTER] 16:52:52.475 [pool-2-thread-1] WARN  TestChromosome - Functional mock problem: org.evosuite.ga.ConstructionFailedException: Failed to add constructor for com.facebook.presto.sql.parser.SqlBaseParser$ShowColumnsContext due to org.evosuite.ga.ConstructionFailedException: Failed to add constructor for com.facebook.presto.sql.parser.SqlBaseParser$DropColumnContext due to org.evosuite.ga.ConstructionFailedException: Failed to add constructor for com.facebook.presto.sql.parser.SqlBaseParser$ShowSchemasContext due to org.evosuite.ga.ConstructionFailedException: Failed to add constructor for com.facebook.presto.sql.parser.SqlBaseParser$StatementDefaultContext due to org.evosuite.ga.ConstructionFailedException: Failed to add constructor for com.facebook.presto.sql.parser.SqlBaseParser$ShowStatsContext due to org.evosuite.ga.ConstructionFailedException: Max recursion depth reached
[MASTER] 16:52:58.471 [pool-2-thread-1] WARN  TestChromosome - Functional mock problem: org.evosuite.ga.ConstructionFailedException: Failed to add constructor for com.facebook.presto.sql.parser.SqlBaseParser$AnalyzeContext due to org.evosuite.ga.ConstructionFailedException: Failed to add constructor for com.facebook.presto.sql.parser.SqlBaseParser$DropViewContext due to org.evosuite.ga.ConstructionFailedException: Failed to add constructor for com.facebook.presto.sql.parser.SqlBaseParser$ShowCreateViewContext due to org.evosuite.ga.ConstructionFailedException: Failed to add constructor for com.facebook.presto.sql.parser.SqlBaseParser$DescribeOutputContext due to org.evosuite.ga.ConstructionFailedException: Failed to add constructor for com.facebook.presto.sql.parser.SqlBaseParser$DeallocateContext due to org.evosuite.ga.ConstructionFailedException: Max recursion depth reached
[MASTER] 16:53:08.125 [pool-2-thread-1] WARN  TestChromosome - Functional mock problem: org.evosuite.ga.ConstructionFailedException: Failed to add constructor for com.facebook.presto.sql.parser.SqlBaseParser$ShowGrantsContext due to org.evosuite.ga.ConstructionFailedException: Failed to add constructor for com.facebook.presto.sql.parser.SqlBaseParser$CallContext due to org.evosuite.ga.ConstructionFailedException: Failed to add constructor for com.facebook.presto.sql.parser.SqlBaseParser$CreateRoleContext due to org.evosuite.ga.ConstructionFailedException: Failed to add constructor for com.facebook.presto.sql.parser.SqlBaseParser$PrepareContext due to org.evosuite.ga.ConstructionFailedException: Failed to add constructor for com.facebook.presto.sql.parser.SqlBaseParser$GrantContext due to org.evosuite.ga.ConstructionFailedException: Max recursion depth reached
[MASTER] 16:53:08.960 [pool-2-thread-1] WARN  TestChromosome - Functional mock problem: org.evosuite.ga.ConstructionFailedException: Failed to add constructor for com.facebook.presto.sql.parser.SqlBaseParser due to org.evosuite.ga.ConstructionFailedException: Failed to add constructor for org.antlr.v4.runtime.CommonTokenStream due to org.evosuite.ga.ConstructionFailedException: Failed to add constructor for org.antlr.v4.runtime.ListTokenSource due to org.evosuite.ga.ConstructionFailedException: Max recursion depth reached
[MASTER] 16:53:14.613 [pool-2-thread-1] WARN  TestChromosome - Functional mock problem: org.evosuite.ga.ConstructionFailedException: Failed to add constructor for com.facebook.presto.type.TypeCalculationParser$ArithmeticUnaryContext due to org.evosuite.ga.ConstructionFailedException: Failed to add constructor for com.facebook.presto.type.TypeCalculationParser$TypeCalculationContext due to org.evosuite.ga.ConstructionFailedException: Failed to add constructor for com.facebook.presto.sql.parser.SqlBaseParser$DropRoleContext due to org.evosuite.ga.ConstructionFailedException: Failed to add constructor for com.facebook.presto.sql.parser.SqlBaseParser$DropMaterializedViewContext due to org.evosuite.ga.ConstructionFailedException: Max recursion depth reached
[MASTER] 16:53:15.073 [pool-2-thread-1] WARN  TestChromosome - Functional mock problem: org.evosuite.ga.ConstructionFailedException: Failed to add constructor for com.facebook.presto.type.TypeCalculationParser$BinaryFunctionNameContext due to org.evosuite.ga.ConstructionFailedException: Have no generator for class org.antlr.v4.runtime.ParserInterpreter canUseFunctionalMocks=false, canBeMocked: true
[MASTER] 16:53:16.164 [pool-2-thread-1] WARN  TestChromosome - Functional mock problem: org.evosuite.ga.ConstructionFailedException: Failed to add constructor for com.facebook.presto.sql.parser.SqlBaseParser$SortItemContext due to org.evosuite.ga.ConstructionFailedException: Failed to add constructor for com.facebook.presto.sql.parser.SqlBaseParser$SetSessionContext due to org.evosuite.ga.ConstructionFailedException: Failed to add constructor for com.facebook.presto.sql.parser.SqlBaseParser$ShowCatalogsContext due to org.evosuite.ga.ConstructionFailedException: Failed to add constructor for com.facebook.presto.sql.parser.SqlBaseParser$CallContext due to org.evosuite.ga.ConstructionFailedException: Max recursion depth reached
[MASTER] 16:53:17.068 [pool-2-thread-1] WARN  TestChromosome - Functional mock problem: org.evosuite.ga.ConstructionFailedException: Failed to add constructor for com.facebook.presto.type.TypeCalculationParser$BinaryFunctionNameContext due to org.evosuite.ga.ConstructionFailedException: Failed to add constructor for com.facebook.presto.sql.parser.SqlBaseParser$IsolationLevelContext due to org.evosuite.ga.ConstructionFailedException: Failed to add constructor for com.facebook.presto.sql.parser.SqlBaseParser$TransactionModeContext due to org.evosuite.ga.ConstructionFailedException: Failed to add constructor for com.facebook.presto.sql.parser.SqlBaseParser$ColumnDefinitionContext due to org.evosuite.ga.ConstructionFailedException: Max recursion depth reached
[MASTER] 16:53:21.661 [pool-2-thread-1] WARN  TestChromosome - Functional mock problem: org.evosuite.ga.ConstructionFailedException: Failed to add constructor for com.facebook.presto.sql.parser.SqlBaseParser$ExplainTypeContext due to org.evosuite.ga.ConstructionFailedException: Failed to add constructor for com.facebook.presto.sql.parser.SqlBaseParser$ExplainOptionContext due to org.evosuite.ga.ConstructionFailedException: Failed to add constructor for com.facebook.presto.sql.parser.SqlBaseParser$PredicatedContext due to org.evosuite.ga.ConstructionFailedException: Failed to add constructor for com.facebook.presto.sql.parser.SqlBaseParser$LogicalBinaryContext due to org.evosuite.ga.ConstructionFailedException: Failed to add constructor for com.facebook.presto.sql.parser.SqlBaseParser$BooleanExpressionContext due to org.evosuite.ga.ConstructionFailedException: Max recursion depth reached
[MASTER] 16:53:27.718 [pool-2-thread-1] WARN  TestChromosome - Functional mock problem: org.evosuite.ga.ConstructionFailedException: Failed to add constructor for com.facebook.presto.sql.parser.SqlBaseParser$CreateTableContext due to org.evosuite.ga.ConstructionFailedException: Failed to add constructor for com.facebook.presto.sql.parser.SqlBaseParser$ShowCreateTableContext due to org.evosuite.ga.ConstructionFailedException: Failed to add constructor for com.facebook.presto.sql.parser.SqlBaseParser$ShowCreateFunctionContext due to org.evosuite.ga.ConstructionFailedException: Failed to add constructor for com.facebook.presto.sql.parser.SqlBaseParser$DropViewContext due to org.evosuite.ga.ConstructionFailedException: Failed to add constructor for com.facebook.presto.sql.parser.SqlBaseParser$RenameSchemaContext due to org.evosuite.ga.ConstructionFailedException: Max recursion depth reached
[MASTER] 16:53:48.372 [pool-2-thread-1] WARN  TestChromosome - Functional mock problem: org.evosuite.ga.ConstructionFailedException: Failed to add constructor for com.facebook.presto.sql.parser.SqlBaseParser$DropFunctionContext due to org.evosuite.ga.ConstructionFailedException: Failed to add constructor for com.facebook.presto.sql.parser.SqlBaseParser$CreateMaterializedViewContext due to org.evosuite.ga.ConstructionFailedException: Failed to add constructor for com.facebook.presto.sql.parser.SqlBaseParser$DropSchemaContext due to org.evosuite.ga.ConstructionFailedException: Failed to add constructor for com.facebook.presto.sql.parser.SqlBaseParser$RefreshMaterializedViewContext due to org.evosuite.ga.ConstructionFailedException: Failed to add constructor for com.facebook.presto.sql.parser.SqlBaseParser$ShowSchemasContext due to org.evosuite.ga.ConstructionFailedException: Max recursion depth reached
[MASTER] 16:53:49.063 [pool-2-thread-1] WARN  TestChromosome - Functional mock problem: org.evosuite.ga.ConstructionFailedException: Failed to add constructor for com.facebook.presto.sql.parser.SqlBaseParser$QueryNoWithContext due to org.evosuite.ga.ConstructionFailedException: Failed to add constructor for com.facebook.presto.sql.parser.SqlBaseParser$ShowCreateViewContext due to org.evosuite.ga.ConstructionFailedException: Failed to add constructor for com.facebook.presto.sql.parser.SqlBaseParser$DeallocateContext due to org.evosuite.ga.ConstructionFailedException: Failed to add constructor for com.facebook.presto.sql.parser.SqlBaseParser$ShowSessionContext due to org.evosuite.ga.ConstructionFailedException: Failed to add constructor for com.facebook.presto.sql.parser.SqlBaseParser$AddColumnContext due to org.evosuite.ga.ConstructionFailedException: Max recursion depth reached
[MASTER] 16:53:53.441 [pool-2-thread-1] WARN  TestChromosome - Functional mock problem: org.evosuite.ga.ConstructionFailedException: Failed to add constructor for com.facebook.presto.sql.parser.SqlBaseParser$DeleteContext due to org.evosuite.ga.ConstructionFailedException: Failed to add constructor for com.facebook.presto.sql.parser.SqlBaseParser$RenameSchemaContext due to org.evosuite.ga.ConstructionFailedException: Failed to add constructor for com.facebook.presto.sql.parser.SqlBaseParser$RollbackContext due to org.evosuite.ga.ConstructionFailedException: Failed to add constructor for com.facebook.presto.sql.parser.SqlBaseParser$CreateRoleContext due to org.evosuite.ga.ConstructionFailedException: Failed to add constructor for com.facebook.presto.sql.parser.SqlBaseParser$SetRoleContext due to org.evosuite.ga.ConstructionFailedException: Max recursion depth reached
[MASTER] 16:53:57.477 [pool-2-thread-1] WARN  TestChromosome - Functional mock problem: org.evosuite.ga.ConstructionFailedException: Failed to add constructor for org.antlr.v4.runtime.LexerInterpreter due to org.evosuite.ga.ConstructionFailedException: Failed to add constructor for org.antlr.v4.runtime.UnbufferedCharStream due to org.evosuite.ga.ConstructionFailedException: Failed to add constructor for java.io.ObjectInputStream due to org.evosuite.ga.ConstructionFailedException: Failed to add constructor for java.io.BufferedInputStream due to org.evosuite.ga.ConstructionFailedException: Failed to add constructor for java.io.SequenceInputStream due to org.evosuite.ga.ConstructionFailedException: Max recursion depth reached
[MASTER] 16:54:30.308 [pool-2-thread-1] WARN  TestChromosome - Functional mock problem: org.evosuite.ga.ConstructionFailedException: Failed to add constructor for com.facebook.presto.sql.parser.SqlBaseParser due to org.evosuite.ga.ConstructionFailedException: Failed to add constructor for org.antlr.v4.runtime.UnbufferedTokenStream due to org.evosuite.ga.ConstructionFailedException: Failed to add constructor for org.antlr.v4.runtime.LexerInterpreter due to org.evosuite.ga.ConstructionFailedException: Max recursion depth reached
[MASTER] 16:55:35.233 [pool-2-thread-1] WARN  TestChromosome - Functional mock problem: org.evosuite.ga.ConstructionFailedException: Failed to add constructor for com.facebook.presto.sql.parser.SqlBaseParser$RoutineCharacteristicContext due to org.evosuite.ga.ConstructionFailedException: Failed to add constructor for com.facebook.presto.sql.parser.SqlBaseParser$SearchedCaseContext due to org.evosuite.ga.ConstructionFailedException: Failed to add constructor for com.facebook.presto.sql.parser.SqlBaseParser$SpecialDateTimeFunctionContext due to org.evosuite.ga.ConstructionFailedException: Failed to add constructor for com.facebook.presto.sql.parser.SqlBaseParser$ParameterContext due to org.evosuite.ga.ConstructionFailedException: Max recursion depth reached
* Search finished after 601s and 73 generations, 34260 statements, best individual has fitness: 4122.013290827752
* Writing sequences to pool
[MASTER] 17:03:11.527 [pool-2-thread-1] WARN  TimeController - Phase SEARCH lasted too long, 154 seconds more than allowed.
* Minimizing test suite
* Going to analyze the coverage criteria
* Coverage analysis for criterion LINE
* Coverage of criterion LINE: 14%
* Total number of goals: 968
* Number of covered goals: 137
* Coverage analysis for criterion BRANCH
* Coverage of criterion BRANCH: 11%
* Total number of goals: 674
* Number of covered goals: 71
* Coverage analysis for criterion EXCEPTION
* Coverage of criterion EXCEPTION: 100%
* Total number of goals: 68
* Number of covered goals: 68
* Coverage analysis for criterion WEAKMUTATION
* Coverage of criterion WEAKMUTATION: 4%
* Total number of goals: 587
* Number of covered goals: 26
* Coverage analysis for criterion OUTPUT
* Coverage of criterion OUTPUT: 1%
* Total number of goals: 339
* Number of covered goals: 3
* Coverage analysis for criterion METHOD
* Coverage of criterion METHOD: 42%
* Total number of goals: 163
* Number of covered goals: 68
* Coverage analysis for criterion METHODNOEXCEPTION
* Coverage of criterion METHODNOEXCEPTION: 2%
* Total number of goals: 163
* Number of covered goals: 3
* Coverage analysis for criterion CBRANCH
* Coverage of criterion CBRANCH: 11%
* Total number of goals: 674
* Number of covered goals: 71
* Generated 72 tests with total length 428
* Resulting test suite's coverage: 23% (average coverage for all fitness functions)
* Generating assertions
* Resulting test suite's mutation score: 0%
* Compiling and checking tests
[MASTER] 17:04:35.835 [pool-2-thread-1] WARN  TimeController - Current phase WRITING_TESTS could run up to 60s, but only 36s are left
* Writing JUnit test case 'AstBuilder_ESTest' to /mnt/c/Users/Helen/Documents/DataScience18668/GroupProject/project/presto/presto-parser/.evosuite/tmp_2021_11_18_16_48_37/tests
* Done!

