[MASTER] 20:18:56.039 [pool-2-thread-1] ERROR ConcreteClassAnalyzer - Problem for com.facebook.presto.matching.Pattern. Class not found: org.testng.TestNGAntTask$Mode
java.lang.NoClassDefFoundError: org/testng/TestNGAntTask
	at java.lang.Class.getDeclaringClass0(Native Method) ~[na:1.8.0_292]
	at java.lang.Class.getDeclaringClass(Class.java:1235) ~[na:1.8.0_292]
	at java.lang.Class.getEnclosingClass(Class.java:1277) ~[na:1.8.0_292]
	at java.lang.Class.getSimpleBinaryName(Class.java:1443) ~[na:1.8.0_292]
	at java.lang.Class.getSimpleName(Class.java:1309) ~[na:1.8.0_292]
	at java.lang.Class.isAnonymousClass(Class.java:1411) ~[na:1.8.0_292]
	at org.evosuite.setup.TestUsageChecker.canUse(TestUsageChecker.java:155) ~[evosuite-master-1.0.6.jar:1.0.6]
	at org.evosuite.setup.ConcreteClassAnalyzer.getConcreteClassesImpl(ConcreteClassAnalyzer.java:133) [evosuite-master-1.0.6.jar:1.0.6]
	at org.evosuite.setup.ConcreteClassAnalyzer.getConcreteClasses(ConcreteClassAnalyzer.java:61) [evosuite-master-1.0.6.jar:1.0.6]
	at org.evosuite.seeding.CastClassManager.addAssignableClass(CastClassManager.java:339) [evosuite-master-1.0.6.jar:1.0.6]
	at org.evosuite.seeding.CastClassManager.selectCastClass(CastClassManager.java:471) [evosuite-master-1.0.6.jar:1.0.6]
	at org.evosuite.utils.generic.GenericClass.getGenericTypeVariableInstantiation(GenericClass.java:645) [evosuite-master-1.0.6.jar:1.0.6]
	at org.evosuite.utils.generic.GenericClass.getGenericInstantiation(GenericClass.java:591) [evosuite-master-1.0.6.jar:1.0.6]
	at org.evosuite.utils.generic.GenericClass.getGenericParameterizedTypeInstantiation(GenericClass.java:766) [evosuite-master-1.0.6.jar:1.0.6]
	at org.evosuite.utils.generic.GenericClass.getGenericInstantiation(GenericClass.java:594) [evosuite-master-1.0.6.jar:1.0.6]
	at org.evosuite.utils.generic.GenericClass.getGenericTypeVariableInstantiation(GenericClass.java:672) [evosuite-master-1.0.6.jar:1.0.6]
	at org.evosuite.utils.generic.GenericClass.getGenericInstantiation(GenericClass.java:591) [evosuite-master-1.0.6.jar:1.0.6]
	at org.evosuite.utils.generic.GenericClass.getGenericInstantiation(GenericClass.java:570) [evosuite-master-1.0.6.jar:1.0.6]
	at org.evosuite.utils.generic.GenericAccessibleObject.getGenericInstantiation(GenericAccessibleObject.java:258) [evosuite-master-1.0.6.jar:1.0.6]
	at org.evosuite.setup.TestCluster.determineGenericModifiersFor(TestCluster.java:543) [evosuite-master-1.0.6.jar:1.0.6]
	at org.evosuite.setup.TestCluster.getCallsFor(TestCluster.java:659) [evosuite-master-1.0.6.jar:1.0.6]
	at org.evosuite.setup.TestCluster.getRandomCallFor(TestCluster.java:668) [evosuite-master-1.0.6.jar:1.0.6]
	at org.evosuite.testcase.TestFactory.insertRandomCallOnObjectAt(TestFactory.java:2294) [evosuite-master-1.0.6.jar:1.0.6]
	at org.evosuite.testcase.mutation.RandomInsertion.insertStatement(RandomInsertion.java:127) [evosuite-master-1.0.6.jar:1.0.6]
	at org.evosuite.testcase.TestFactory.insertRandomStatement(TestFactory.java:2308) [evosuite-master-1.0.6.jar:1.0.6]
	at org.evosuite.testcase.factories.RandomLengthTestFactory.getRandomTestCase(RandomLengthTestFactory.java:69) [evosuite-master-1.0.6.jar:1.0.6]
	at org.evosuite.testcase.factories.RandomLengthTestFactory.getChromosome(RandomLengthTestFactory.java:89) [evosuite-master-1.0.6.jar:1.0.6]
	at org.evosuite.testcase.factories.RandomLengthTestFactory.getChromosome(RandomLengthTestFactory.java:40) [evosuite-master-1.0.6.jar:1.0.6]
	at org.evosuite.ga.archive.ArchiveTestChromosomeFactory.getChromosome(ArchiveTestChromosomeFactory.java:88) [evosuite-master-1.0.6.jar:1.0.6]
	at org.evosuite.ga.archive.ArchiveTestChromosomeFactory.getChromosome(ArchiveTestChromosomeFactory.java:35) [evosuite-master-1.0.6.jar:1.0.6]
	at org.evosuite.testsuite.factories.TestSuiteChromosomeFactory.getChromosome(TestSuiteChromosomeFactory.java:84) [evosuite-master-1.0.6.jar:1.0.6]
	at org.evosuite.testsuite.factories.TestSuiteChromosomeFactory.getChromosome(TestSuiteChromosomeFactory.java:35) [evosuite-master-1.0.6.jar:1.0.6]
	at org.evosuite.ga.metaheuristics.GeneticAlgorithm.generateRandomPopulation(GeneticAlgorithm.java:413) [evosuite-master-1.0.6.jar:1.0.6]
	at org.evosuite.ga.metaheuristics.GeneticAlgorithm.generateInitialPopulation(GeneticAlgorithm.java:356) [evosuite-master-1.0.6.jar:1.0.6]
	at org.evosuite.ga.metaheuristics.MonotonicGA.initializePopulation(MonotonicGA.java:204) [evosuite-master-1.0.6.jar:1.0.6]
	at org.evosuite.ga.metaheuristics.MonotonicGA.generateSolution(MonotonicGA.java:223) [evosuite-master-1.0.6.jar:1.0.6]
	at org.evosuite.strategy.WholeTestSuiteStrategy.generateTests(WholeTestSuiteStrategy.java:113) [evosuite-master-1.0.6.jar:1.0.6]
	at org.evosuite.TestSuiteGenerator.generateTests(TestSuiteGenerator.java:653) [evosuite-master-1.0.6.jar:1.0.6]
	at org.evosuite.TestSuiteGenerator.generateTestSuite(TestSuiteGenerator.java:236) [evosuite-master-1.0.6.jar:1.0.6]
	at org.evosuite.rmi.service.ClientNodeImpl$1.run(ClientNodeImpl.java:145) [evosuite-master-1.0.6.jar:1.0.6]
	at java.util.concurrent.Executors$RunnableAdapter.call(Executors.java:511) [na:1.8.0_292]
	at java.util.concurrent.FutureTask.run(FutureTask.java:266) [na:1.8.0_292]
	at java.util.concurrent.ThreadPoolExecutor.runWorker(ThreadPoolExecutor.java:1149) [na:1.8.0_292]
	at java.util.concurrent.ThreadPoolExecutor$Worker.run(ThreadPoolExecutor.java:624) [na:1.8.0_292]
	at java.lang.Thread.run(Thread.java:748) [na:1.8.0_292]
Caused by: java.lang.ClassNotFoundException: org/apache/tools/ant/Task
	at org.evosuite.instrumentation.InstrumentingClassLoader.instrumentClass(InstrumentingClassLoader.java:201) ~[evosuite-master-1.0.6.jar:1.0.6]
	at org.evosuite.instrumentation.InstrumentingClassLoader.loadClass(InstrumentingClassLoader.java:168) ~[evosuite-master-1.0.6.jar:1.0.6]
	... 45 common frames omitted
Caused by: java.lang.NoClassDefFoundError: org/apache/tools/ant/Task
	at java.lang.ClassLoader.defineClass1(Native Method) ~[na:1.8.0_292]
	at java.lang.ClassLoader.defineClass(ClassLoader.java:756) ~[na:1.8.0_292]
	at java.lang.ClassLoader.defineClass(ClassLoader.java:635) ~[na:1.8.0_292]
	at org.evosuite.instrumentation.InstrumentingClassLoader.instrumentClass(InstrumentingClassLoader.java:194) ~[evosuite-master-1.0.6.jar:1.0.6]
	... 46 common frames omitted
Caused by: java.lang.ClassNotFoundException: org.apache.tools.ant.Task
	at java.net.URLClassLoader.findClass(URLClassLoader.java:382) ~[na:1.8.0_292]
	at java.lang.ClassLoader.loadClass(ClassLoader.java:418) ~[na:1.8.0_292]
	at sun.misc.Launcher$AppClassLoader.loadClass(Launcher.java:352) ~[na:1.8.0_292]
	at java.lang.ClassLoader.loadClass(ClassLoader.java:351) ~[na:1.8.0_292]
	at org.evosuite.instrumentation.InstrumentingClassLoader.loadClass(InstrumentingClassLoader.java:159) ~[evosuite-master-1.0.6.jar:1.0.6]
	... 50 common frames omitted
[MASTER] 20:18:56.040 [pool-2-thread-1] ERROR ConcreteClassAnalyzer - Removing class from inheritance tree
