* Starting client
* Connecting to master process on port 14549
* Analyzing classpath: 
  - /mnt/c/Users/Helen/Documents/DataScience18668/GroupProject/project/presto/presto-bytecode/target/classes
  - /home/helen/.m2/repository/org/ow2/asm/asm/9.0/asm-9.0.jar
  - /home/helen/.m2/repository/org/ow2/asm/asm-tree/9.0/asm-tree-9.0.jar
  - /home/helen/.m2/repository/org/ow2/asm/asm-util/9.0/asm-util-9.0.jar
  - /home/helen/.m2/repository/org/ow2/asm/asm-analysis/9.0/asm-analysis-9.0.jar
  - /home/helen/.m2/repository/com/google/code/findbugs/jsr305/3.0.2/jsr305-3.0.2.jar
  - /home/helen/.m2/repository/com/google/guava/guava/26.0-jre/guava-26.0-jre.jar
  - /home/helen/.m2/repository/org/checkerframework/checker-qual/2.5.2/checker-qual-2.5.2.jar
  - /home/helen/.m2/repository/com/google/errorprone/error_prone_annotations/2.1.3/error_prone_annotations-2.1.3.jar
  - /home/helen/.m2/repository/com/google/j2objc/j2objc-annotations/1.1/j2objc-annotations-1.1.jar
  - /home/helen/.m2/repository/org/codehaus/mojo/animal-sniffer-annotations/1.14/animal-sniffer-annotations-1.14.jar
  - /home/helen/.m2/repository/io/airlift/slice/0.38/slice-0.38.jar
  - /home/helen/.m2/repository/org/openjdk/jol/jol-core/0.2/jol-core-0.2.jar
  - /mnt/c/Users/Helen/Documents/DataScience18668/GroupProject/project/presto/presto-testng-services/target/classes
  - /home/helen/.m2/repository/com/facebook/airlift/log/0.201/log-0.201.jar
  - /home/helen/.m2/repository/io/airlift/units/1.3/units-1.3.jar
  - /home/helen/.m2/repository/com/facebook/airlift/concurrent/0.201/concurrent-0.201.jar
  - /home/helen/.m2/repository/org/testng/testng/6.10/testng-6.10.jar
  - /home/helen/.m2/repository/com/beust/jcommander/1.48/jcommander-1.48.jar
  - /home/helen/.m2/repository/org/assertj/assertj-core/3.8.0/assertj-core-3.8.0.jar
* Finished analyzing classpath
* Generating tests for class com.facebook.presto.bytecode.BytecodeVisitor
* Test criteria:
  - Line Coverage
  - Branch Coverage
  - Exception
  - Mutation testing (weak)
  - Method-Output Coverage
  - Top-Level Method Coverage
  - No-Exception Top-Level Method Coverage
  - Context Branch Coverage
* Setting up search algorithm for whole suite generation
[MASTER] 19:38:09.689 [pool-2-thread-1] WARN  TestSuiteSerialization - Cannot load tests because file does not exist: /mnt/c/Users/Helen/Documents/DataScience18668/GroupProject/project/presto/presto-bytecode/.evosuite/evosuite-seeds/com.facebook.presto.bytecode.BytecodeVisitor.seed
* Loaded 0 tests from /mnt/c/Users/Helen/Documents/DataScience18668/GroupProject/project/presto/presto-bytecode/.evosuite/evosuite-seeds/com.facebook.presto.bytecode.BytecodeVisitor.seed
* Total number of test goals: 
  - Line 63
  - Branch 52
  - Exception 0
  - MutationFactory 11
  - Output 86
  - Method 44
  - MethodNoException 44
  - CBranchFitnessFactory 52
* Using seed 1637293062717
* Starting evolution
[MASTER] 19:38:12.056 [pool-2-thread-1] WARN  TimeController - Phase INITIALIZATION lasted too long, 21 seconds more than allowed.
[MASTER] 19:38:54.334 [pool-2-thread-1] WARN  TestChromosome - Functional mock problem: org.evosuite.ga.ConstructionFailedException: No generators of type java.util.List<com.facebook.presto.bytecode.BytecodeNode>
[MASTER] 19:38:55.153 [pool-2-thread-1] WARN  TestChromosome - Functional mock problem: org.evosuite.ga.ConstructionFailedException: No generators of type java.util.List<com.facebook.presto.bytecode.AnnotationDefinition>
[MASTER] 19:38:57.418 [pool-2-thread-1] WARN  TestChromosome - Functional mock problem: org.evosuite.ga.ConstructionFailedException: No generators of type java.util.List<com.facebook.presto.bytecode.MethodDefinition>
[MASTER] 19:39:06.508 [pool-2-thread-1] WARN  TestChromosome - Functional mock problem: org.evosuite.ga.ConstructionFailedException: No generators of type java.util.List<com.facebook.presto.bytecode.FieldDefinition>
* Search finished after 58s and 35 generations, 11774 statements, best individual has fitness: 64.95182724252491
* Writing sequences to pool
[MASTER] 19:39:17.303 [pool-2-thread-1] WARN  TimeController - Phase SEARCH lasted too long, 10 seconds more than allowed.
* Minimizing test suite
* Going to analyze the coverage criteria
* Coverage analysis for criterion LINE
* Coverage of criterion LINE: 79%
* Total number of goals: 63
* Number of covered goals: 50
* Coverage analysis for criterion BRANCH
* Coverage of criterion BRANCH: 88%
* Total number of goals: 52
* Number of covered goals: 46
* Coverage analysis for criterion EXCEPTION
* Coverage of criterion EXCEPTION: 95%
* Total number of goals: 42
* Number of covered goals: 40
* Coverage analysis for criterion WEAKMUTATION
* Coverage of criterion WEAKMUTATION: 64%
* Total number of goals: 11
* Number of covered goals: 7
* Coverage analysis for criterion OUTPUT
* Coverage of criterion OUTPUT: 47%
* Total number of goals: 86
* Number of covered goals: 40
* Coverage analysis for criterion METHOD
* Coverage of criterion METHOD: 98%
* Total number of goals: 44
* Number of covered goals: 43
* Coverage analysis for criterion METHODNOEXCEPTION
* Coverage of criterion METHODNOEXCEPTION: 93%
* Total number of goals: 44
* Number of covered goals: 41
* Coverage analysis for criterion CBRANCH
* Coverage of criterion CBRANCH: 87%
* Total number of goals: 52
* Number of covered goals: 45
* Generated 37 tests with total length 532
* Resulting test suite's coverage: 83% (average coverage for all fitness functions)
* Generating assertions
[MASTER] 19:39:22.364 [pool-2-thread-1] WARN  TimeController - Current phase ASSERTION_GENERATION could run up to 8s, but only 3s are left
* Resulting test suite's mutation score: 0%
* Compiling and checking tests
[MASTER] 19:39:24.757 [pool-2-thread-1] WARN  TimeController - Current phase JUNIT_CHECK could run up to 8s, but only 1s are left
[MASTER] 19:39:24.758 [pool-2-thread-1] WARN  TimeController - Current phase WRITING_TESTS could run up to 8s, but only 1s are left
* Writing JUnit test case 'BytecodeVisitor_ESTest' to /mnt/c/Users/Helen/Documents/DataScience18668/GroupProject/project/presto/presto-bytecode/.evosuite/tmp_2021_11_18_19_04_54/tests
