* Starting client
* Connecting to master process on port 5555
* Analyzing classpath: 
  - /mnt/c/Users/Helen/Documents/DataScience18668/GroupProject/project/presto/presto-common/target/classes
  - /home/helen/.m2/repository/com/fasterxml/jackson/core/jackson-annotations/2.10.0/jackson-annotations-2.10.0.jar
  - /home/helen/.m2/repository/io/airlift/slice/0.38/slice-0.38.jar
  - /home/helen/.m2/repository/com/facebook/drift/drift-api/1.33/drift-api-1.33.jar
  - /home/helen/.m2/repository/com/google/code/findbugs/jsr305/3.0.2/jsr305-3.0.2.jar
  - /home/helen/.m2/repository/org/openjdk/jol/jol-core/0.2/jol-core-0.2.jar
  - /mnt/c/Users/Helen/Documents/DataScience18668/GroupProject/project/presto/presto-testng-services/target/classes
  - /home/helen/.m2/repository/com/facebook/airlift/log/0.201/log-0.201.jar
  - /home/helen/.m2/repository/io/airlift/units/1.3/units-1.3.jar
  - /home/helen/.m2/repository/com/facebook/airlift/concurrent/0.201/concurrent-0.201.jar
  - /home/helen/.m2/repository/org/testng/testng/6.10/testng-6.10.jar
  - /home/helen/.m2/repository/com/beust/jcommander/1.48/jcommander-1.48.jar
  - /home/helen/.m2/repository/com/google/guava/guava/26.0-jre/guava-26.0-jre.jar
  - /home/helen/.m2/repository/org/checkerframework/checker-qual/2.5.2/checker-qual-2.5.2.jar
  - /home/helen/.m2/repository/com/google/errorprone/error_prone_annotations/2.1.3/error_prone_annotations-2.1.3.jar
  - /home/helen/.m2/repository/com/google/j2objc/j2objc-annotations/1.1/j2objc-annotations-1.1.jar
  - /home/helen/.m2/repository/org/codehaus/mojo/animal-sniffer-annotations/1.14/animal-sniffer-annotations-1.14.jar
  - /home/helen/.m2/repository/org/assertj/assertj-core/3.8.0/assertj-core-3.8.0.jar
  - /home/helen/.m2/repository/org/openjdk/jmh/jmh-core/1.20/jmh-core-1.20.jar
  - /home/helen/.m2/repository/net/sf/jopt-simple/jopt-simple/4.6/jopt-simple-4.6.jar
  - /home/helen/.m2/repository/org/apache/commons/commons-math3/3.6.1/commons-math3-3.6.1.jar
  - /home/helen/.m2/repository/org/openjdk/jmh/jmh-generator-annprocess/1.20/jmh-generator-annprocess-1.20.jar
  - /home/helen/.m2/repository/com/fasterxml/jackson/core/jackson-databind/2.10.0/jackson-databind-2.10.0.jar
  - /home/helen/.m2/repository/it/unimi/dsi/fastutil/8.5.2/fastutil-8.5.2.jar
  - /home/helen/.m2/repository/com/facebook/airlift/json/0.201/json-0.201.jar
  - /home/helen/.m2/repository/com/google/inject/guice/4.2.2/guice-4.2.2.jar
  - /home/helen/.m2/repository/aopalliance/aopalliance/1.0/aopalliance-1.0.jar
  - /home/helen/.m2/repository/com/fasterxml/jackson/datatype/jackson-datatype-jdk8/2.10.0/jackson-datatype-jdk8-2.10.0.jar
  - /home/helen/.m2/repository/com/fasterxml/jackson/datatype/jackson-datatype-jsr310/2.10.0/jackson-datatype-jsr310-2.10.0.jar
  - /home/helen/.m2/repository/com/fasterxml/jackson/datatype/jackson-datatype-guava/2.10.0/jackson-datatype-guava-2.10.0.jar
  - /home/helen/.m2/repository/com/fasterxml/jackson/datatype/jackson-datatype-joda/2.10.0/jackson-datatype-joda-2.10.0.jar
  - /home/helen/.m2/repository/com/fasterxml/jackson/module/jackson-module-parameter-names/2.10.0/jackson-module-parameter-names-2.10.0.jar
  - /home/helen/.m2/repository/com/fasterxml/jackson/dataformat/jackson-dataformat-smile/2.10.0/jackson-dataformat-smile-2.10.0.jar
  - /home/helen/.m2/repository/javax/inject/javax.inject/1/javax.inject-1.jar
  - /home/helen/.m2/repository/com/fasterxml/jackson/core/jackson-core/2.10.0/jackson-core-2.10.0.jar
* Finished analyzing classpath
* Generating tests for class com.facebook.presto.common.block.SingleMapBlock
* Test criteria:
  - Line Coverage
  - Branch Coverage
  - Exception
  - Mutation testing (weak)
  - Method-Output Coverage
  - Top-Level Method Coverage
  - No-Exception Top-Level Method Coverage
  - Context Branch Coverage
* Setting up search algorithm for whole suite generation
* Loaded 63 tests from /mnt/c/Users/Helen/Documents/DataScience18668/GroupProject/project/presto/presto-common/.evosuite/evosuite-seeds/com.facebook.presto.common.block.SingleMapBlock.seed
* Total number of test goals: 
  - Line 195
  - Branch 74
  - Exception 0
  - MutationFactory 838
  - Output 56
  - Method 23
  - MethodNoException 23
  - CBranchFitnessFactory 74
* Using seed 1637276987897
* Starting evolution
[MASTER] 15:10:50.160 [pool-2-thread-1] WARN  TimeController - Phase INITIALIZATION lasted too long, 46 seconds more than allowed.
[MASTER] 15:11:34.288 [pool-2-thread-1] WARN  TestChromosome - Functional mock problem: org.evosuite.ga.ConstructionFailedException: Have no generator for class com.facebook.presto.common.block.SingleMapBlock canUseFunctionalMocks=false, canBeMocked: false
[MASTER] 15:11:38.064 [pool-2-thread-1] WARN  TestChromosome - Functional mock problem: org.evosuite.ga.ConstructionFailedException: Have no generator for class com.facebook.presto.common.block.MapBlockBuilder canUseFunctionalMocks=false, canBeMocked: true
[MASTER] 15:11:38.388 [pool-2-thread-1] WARN  TestChromosome - Functional mock problem: org.evosuite.ga.ConstructionFailedException: Have no generator for com.google.common.base.Converter<java.lang.Object, java.util.Optional<java.lang.Object>> canUseFunctionalMocks=false, canBeMocked: true
[MASTER] 15:11:38.502 [pool-2-thread-1] WARN  TestChromosome - Functional mock problem: org.evosuite.ga.ConstructionFailedException: Failed to add constructor for com.facebook.presto.common.block.VariableWidthBlock due to org.evosuite.ga.ConstructionFailedException: Failed to add constructor for com.facebook.presto.common.block.DictionaryBlock due to org.evosuite.ga.ConstructionFailedException: Failed to add constructor for com.facebook.presto.common.block.ShortArrayBlock due to org.evosuite.ga.ConstructionFailedException: Max recursion depth reached
[MASTER] 15:11:38.675 [pool-2-thread-1] WARN  TestChromosome - Functional mock problem: org.evosuite.ga.ConstructionFailedException: Failed to add constructor for com.facebook.presto.common.type.TypeWithName due to org.evosuite.ga.ConstructionFailedException: Have no generator for class com.facebook.presto.common.type.TypeWithName canUseFunctionalMocks=false, canBeMocked: true
[MASTER] 15:11:38.788 [pool-2-thread-1] WARN  TestChromosome - Functional mock problem: org.evosuite.ga.ConstructionFailedException: Have no generator for com.google.common.base.Converter<java.lang.Object, java.util.Optional<boolean[]>> canUseFunctionalMocks=false, canBeMocked: true
[MASTER] 15:11:38.804 [pool-2-thread-1] WARN  TestChromosome - Functional mock problem: org.evosuite.ga.ConstructionFailedException: Failed to add constructor for com.facebook.presto.common.block.SingleMapBlock due to org.evosuite.ga.ConstructionFailedException: Failed to add constructor for com.facebook.presto.common.block.MapBlockBuilder due to org.evosuite.ga.ConstructionFailedException: Failed to add constructor for com.facebook.presto.common.block.BlockBuilderStatus due to org.evosuite.ga.ConstructionFailedException: Max recursion depth reached
[MASTER] 15:11:39.078 [pool-2-thread-1] WARN  TestChromosome - Functional mock problem: org.evosuite.ga.ConstructionFailedException: Failed to add constructor for com.facebook.presto.common.block.SingleArrayBlockWriter due to org.evosuite.ga.ConstructionFailedException: Have no generator for class com.facebook.presto.common.block.MapBlockBuilder canUseFunctionalMocks=false, canBeMocked: true
[MASTER] 15:11:39.126 [pool-2-thread-1] WARN  TestChromosome - Functional mock problem: org.evosuite.ga.ConstructionFailedException: Failed to add constructor for com.facebook.presto.common.block.ShortArrayBlock due to org.evosuite.ga.ConstructionFailedException: Have no generator for com.google.common.base.Converter<java.lang.Object, java.util.Optional<boolean[]>> canUseFunctionalMocks=false, canBeMocked: true
[MASTER] 15:11:39.165 [pool-2-thread-1] WARN  TestChromosome - Functional mock problem: org.evosuite.ga.ConstructionFailedException: Error: VariableReference: Statement 10, type java.util.Vector<java.lang.Class<java.lang.String>> is not assignable to java.util.List<java.lang.Class<?>>
[MASTER] 15:11:39.180 [pool-2-thread-1] WARN  TestChromosome - Functional mock problem: org.evosuite.ga.ConstructionFailedException: Failed to add constructor for com.facebook.presto.common.block.SingleArrayBlockWriter due to org.evosuite.ga.ConstructionFailedException: Have no generator for class com.facebook.presto.common.block.RowBlockBuilder canUseFunctionalMocks=false, canBeMocked: true
[MASTER] 15:11:39.244 [pool-2-thread-1] WARN  TestChromosome - Functional mock problem: org.evosuite.ga.ConstructionFailedException: Failed to add constructor for io.airlift.slice.BasicSliceInput due to org.evosuite.ga.ConstructionFailedException: Failed to add constructor for io.airlift.slice.ChunkedSliceInput due to org.evosuite.ga.ConstructionFailedException: Invalid generic instance
[MASTER] 15:11:39.365 [pool-2-thread-1] WARN  TestChromosome - Functional mock problem: org.evosuite.ga.ConstructionFailedException: Failed to add constructor for com.facebook.presto.common.block.AbstractMapBlock$HashTables due to org.evosuite.ga.ConstructionFailedException: Error: VariableReference: Statement 14, type com.google.common.base.Function<java.lang.Object, java.util.Optional<boolean[]>> is not assignable to com.google.common.base.Function<? super java.lang.Object, ? extends java.util.Optional<int[]>>
[MASTER] 15:11:39.703 [pool-2-thread-1] WARN  TestChromosome - Functional mock problem: org.evosuite.ga.ConstructionFailedException: Failed to add constructor for com.facebook.presto.common.block.DictionaryBlock due to org.evosuite.ga.ConstructionFailedException: Failed to add constructor for com.facebook.presto.common.block.SingleRowBlockWriter due to org.evosuite.ga.ConstructionFailedException: Have no generator for class com.facebook.presto.common.block.ShortArrayBlockBuilder canUseFunctionalMocks=false, canBeMocked: true
[MASTER] 15:11:39.720 [pool-2-thread-1] WARN  TestChromosome - Functional mock problem: org.evosuite.ga.ConstructionFailedException: Error: VariableReference: Statement 32, type java.util.Stack<java.lang.Class<java.io.InputStream>> is not assignable to java.util.List<java.lang.Class<?>>
[MASTER] 15:11:40.145 [pool-2-thread-1] WARN  TestChromosome - Functional mock problem: org.evosuite.ga.ConstructionFailedException: Failed to add constructor for com.facebook.presto.common.type.BigintEnumType due to org.evosuite.ga.ConstructionFailedException: Failed to add constructor for com.facebook.presto.common.type.BigintEnumType$LongEnumMap due to org.evosuite.ga.ConstructionFailedException: Have no generator for class com.facebook.presto.common.type.BigintEnumType canUseFunctionalMocks=false, canBeMocked: true
[MASTER] 15:11:40.371 [pool-2-thread-1] WARN  TestChromosome - Functional mock problem: org.evosuite.ga.ConstructionFailedException: Failed to add constructor for com.facebook.presto.common.block.AbstractMapBlock$HashTables due to org.evosuite.ga.ConstructionFailedException: Have no generator for com.google.common.base.Converter<java.lang.Object, java.util.Optional<boolean[]>> canUseFunctionalMocks=false, canBeMocked: true
[MASTER] 15:11:40.426 [pool-2-thread-1] WARN  TestChromosome - Functional mock problem: org.evosuite.ga.ConstructionFailedException: Failed to add constructor for com.facebook.presto.common.block.MapBlockBuilder due to org.evosuite.ga.ConstructionFailedException: Failed to add constructor for com.facebook.presto.common.type.VarcharEnumType due to org.evosuite.ga.ConstructionFailedException: Failed to add constructor for com.facebook.presto.common.type.VarcharEnumType$VarcharEnumMap due to org.evosuite.ga.ConstructionFailedException: Max recursion depth reached
[MASTER] 15:11:40.427 [pool-2-thread-1] WARN  TestChromosome - Functional mock problem: org.evosuite.ga.ConstructionFailedException: Failed to add constructor for com.facebook.presto.common.type.FunctionType due to org.evosuite.ga.ConstructionFailedException: Have no generator for class com.facebook.presto.common.type.FunctionType canUseFunctionalMocks=false, canBeMocked: true
[MASTER] 15:11:40.491 [pool-2-thread-1] WARN  TestChromosome - Functional mock problem: org.evosuite.ga.ConstructionFailedException: Failed to add constructor for com.facebook.presto.common.block.AbstractMapBlock$HashTables due to org.evosuite.ga.ConstructionFailedException: Error: VariableReference: Statement 12, type com.google.common.base.Function<java.lang.Object, java.util.Optional<boolean[]>> is not assignable to com.google.common.base.Function<? super java.lang.Object, ? extends java.util.Optional<int[]>>
[MASTER] 15:11:40.937 [pool-2-thread-1] WARN  TestChromosome - Functional mock problem: org.evosuite.ga.ConstructionFailedException: Have no generator for com.google.common.base.Converter<java.lang.Object, boolean[]> canUseFunctionalMocks=false, canBeMocked: true
[MASTER] 15:11:41.041 [pool-2-thread-1] WARN  TestChromosome - Functional mock problem: org.evosuite.ga.ConstructionFailedException: Failed to add constructor for io.airlift.slice.ChunkedSliceInput due to org.evosuite.ga.ConstructionFailedException: Invalid generic instance
[MASTER] 15:11:41.062 [pool-2-thread-1] WARN  TestChromosome - Functional mock problem: org.evosuite.ga.ConstructionFailedException: Error: VariableReference: Statement 12, type java.util.ArrayList<java.lang.Class<java.lang.Long>> is not assignable to java.util.List<java.lang.Class<?>>
[MASTER] 15:11:41.067 [pool-2-thread-1] WARN  TestChromosome - Functional mock problem: org.evosuite.ga.ConstructionFailedException: Failed to add constructor for com.facebook.presto.common.block.ArrayBlockBuilder due to org.evosuite.ga.ConstructionFailedException: Have no generator for class com.facebook.presto.common.block.ShortArrayBlockBuilder canUseFunctionalMocks=false, canBeMocked: true
[MASTER] 15:11:41.636 [pool-2-thread-1] WARN  TestChromosome - Functional mock problem: org.evosuite.ga.ConstructionFailedException: Error: VariableReference: Statement 11, type java.util.Vector<java.lang.Class<java.io.InputStream>> is not assignable to java.util.List<java.lang.Class<?>>
[MASTER] 15:11:41.719 [pool-2-thread-1] WARN  TestChromosome - Functional mock problem: org.evosuite.ga.ConstructionFailedException: Failed to add constructor for com.facebook.presto.common.block.AbstractMapBlock$HashTables due to org.evosuite.ga.ConstructionFailedException: Error: VariableReference: Statement 3, type com.google.common.base.Function<java.lang.Object, java.util.Optional<boolean[]>> is not assignable to com.google.common.base.Function<? super java.lang.Object, ? extends java.util.Optional<int[]>>
[MASTER] 15:11:41.778 [pool-2-thread-1] WARN  TestChromosome - Functional mock problem: org.evosuite.ga.ConstructionFailedException: Failed to add constructor for com.facebook.presto.common.block.MapBlockBuilder due to org.evosuite.ga.ConstructionFailedException: Failed to add constructor for com.facebook.presto.common.type.MapType due to org.evosuite.ga.ConstructionFailedException: Failed to add constructor for com.facebook.presto.common.type.TypeSignature due to org.evosuite.ga.ConstructionFailedException: Max recursion depth reached
[MASTER] 15:11:41.815 [pool-2-thread-1] WARN  TestChromosome - Functional mock problem: org.evosuite.ga.ConstructionFailedException: Failed to add constructor for com.facebook.presto.common.block.DictionaryBlock due to org.evosuite.ga.ConstructionFailedException: Failed to add constructor for com.facebook.presto.common.block.SingleMapBlockWriter due to org.evosuite.ga.ConstructionFailedException: Failed to add constructor for com.facebook.presto.common.block.SingleRowBlockWriter due to org.evosuite.ga.ConstructionFailedException: Have no generator for class com.facebook.presto.common.type.MapType canUseFunctionalMocks=false, canBeMocked: true
[MASTER] 15:11:42.043 [pool-2-thread-1] WARN  TestChromosome - Functional mock problem: org.evosuite.ga.ConstructionFailedException: Failed to add constructor for com.facebook.presto.common.type.ArrayType due to org.evosuite.ga.ConstructionFailedException: Failed to add constructor for com.facebook.presto.common.type.VarcharEnumType due to org.evosuite.ga.ConstructionFailedException: Failed to add constructor for com.facebook.presto.common.type.VarcharEnumType$VarcharEnumMap due to org.evosuite.ga.ConstructionFailedException: Max recursion depth reached
[MASTER] 15:11:42.048 [pool-2-thread-1] WARN  TestChromosome - Functional mock problem: org.evosuite.ga.ConstructionFailedException: Failed to add constructor for com.facebook.presto.common.block.AbstractMapBlock$HashTables due to org.evosuite.ga.ConstructionFailedException: Error: VariableReference: Statement 3, type com.google.common.base.Function<java.lang.Object, java.util.Optional<boolean[]>> is not assignable to com.google.common.base.Function<? super int[], ? extends java.util.Optional<int[]>>
[MASTER] 15:11:42.281 [pool-2-thread-1] WARN  TestChromosome - Functional mock problem: org.evosuite.ga.ConstructionFailedException: Failed to add constructor for com.facebook.presto.common.block.ByteArrayBlock due to org.evosuite.ga.ConstructionFailedException: Have no generator for com.google.common.base.Converter<java.lang.Object, boolean[]> canUseFunctionalMocks=false, canBeMocked: true
[MASTER] 15:11:42.317 [pool-2-thread-1] WARN  TestChromosome - Functional mock problem: org.evosuite.ga.ConstructionFailedException: Have no generator for class com.facebook.presto.common.block.IntArrayBlockBuilder canUseFunctionalMocks=false, canBeMocked: true
[MASTER] 15:11:42.318 [pool-2-thread-1] WARN  TestChromosome - Functional mock problem: org.evosuite.ga.ConstructionFailedException: Failed to add constructor for com.facebook.presto.common.block.MapBlockBuilder due to org.evosuite.ga.ConstructionFailedException: Failed to add constructor for com.facebook.presto.common.type.TypeWithName due to org.evosuite.ga.ConstructionFailedException: Failed to add constructor for com.facebook.presto.common.type.FunctionType due to org.evosuite.ga.ConstructionFailedException: Have no generator for class com.facebook.presto.common.type.FunctionType canUseFunctionalMocks=false, canBeMocked: true
[MASTER] 15:11:42.327 [pool-2-thread-1] WARN  TestChromosome - Functional mock problem: org.evosuite.ga.ConstructionFailedException: Failed to add constructor for com.facebook.presto.common.block.SingleMapBlockWriter due to org.evosuite.ga.ConstructionFailedException: Have no generator for class com.facebook.presto.common.type.TypeWithName canUseFunctionalMocks=false, canBeMocked: true
[MASTER] 15:11:42.332 [pool-2-thread-1] WARN  TestChromosome - Functional mock problem: org.evosuite.ga.ConstructionFailedException: Failed to add constructor for com.facebook.presto.common.block.AbstractMapBlock$HashTables due to org.evosuite.ga.ConstructionFailedException: Have no generator for com.google.common.base.Converter<java.lang.Object, int[]> canUseFunctionalMocks=false, canBeMocked: true
[MASTER] 15:11:42.681 [pool-2-thread-1] WARN  TestChromosome - Functional mock problem: org.evosuite.ga.ConstructionFailedException: Failed to add constructor for com.facebook.presto.common.block.SingleMapBlock due to org.evosuite.ga.ConstructionFailedException: Failed to add constructor for com.facebook.presto.common.block.MapBlockBuilder due to org.evosuite.ga.ConstructionFailedException: Max recursion depth reached
[MASTER] 15:11:42.719 [pool-2-thread-1] WARN  TestChromosome - Functional mock problem: org.evosuite.ga.ConstructionFailedException: Failed to add constructor for com.facebook.presto.common.block.DictionaryBlock due to org.evosuite.ga.ConstructionFailedException: Failed to add constructor for com.facebook.presto.common.block.SingleMapBlock due to org.evosuite.ga.ConstructionFailedException: Failed to add constructor for com.facebook.presto.common.block.DictionaryBlock due to org.evosuite.ga.ConstructionFailedException: Max recursion depth reached
[MASTER] 15:11:43.751 [pool-2-thread-1] WARN  TestChromosome - Functional mock problem: org.evosuite.ga.ConstructionFailedException: Failed to add constructor for com.facebook.presto.common.block.ArrayBlockBuilder due to org.evosuite.ga.ConstructionFailedException: Failed to add constructor for com.facebook.presto.common.block.SingleArrayBlockWriter due to org.evosuite.ga.ConstructionFailedException: Failed to add constructor for com.facebook.presto.common.block.ByteArrayBlockBuilder due to org.evosuite.ga.ConstructionFailedException: Failed to add constructor for com.facebook.presto.common.block.BlockBuilderStatus due to org.evosuite.ga.ConstructionFailedException: Max recursion depth reached
[MASTER] 15:11:44.145 [pool-2-thread-1] WARN  TestChromosome - Functional mock problem: org.evosuite.ga.ConstructionFailedException: Failed to add constructor for com.facebook.presto.common.block.MapBlockBuilder due to org.evosuite.ga.ConstructionFailedException: Failed to add constructor for com.facebook.presto.common.type.FunctionType due to org.evosuite.ga.ConstructionFailedException: Have no generator for class com.facebook.presto.common.type.FunctionType canUseFunctionalMocks=false, canBeMocked: true
[MASTER] 15:11:44.178 [pool-2-thread-1] WARN  TestChromosome - Functional mock problem: org.evosuite.ga.ConstructionFailedException: Failed to add constructor for com.facebook.presto.common.block.MapBlockBuilder due to org.evosuite.ga.ConstructionFailedException: Failed to add constructor for com.facebook.presto.common.type.FunctionType due to org.evosuite.ga.ConstructionFailedException: Max recursion depth reached
[MASTER] 15:11:44.292 [pool-2-thread-1] WARN  TestChromosome - Functional mock problem: org.evosuite.ga.ConstructionFailedException: Failed to add constructor for com.facebook.presto.common.block.SingleRowBlockWriter due to org.evosuite.ga.ConstructionFailedException: Have no generator for class com.facebook.presto.common.block.MapBlockBuilder canUseFunctionalMocks=false, canBeMocked: true
[MASTER] 15:11:44.347 [pool-2-thread-1] WARN  TestChromosome - Functional mock problem: org.evosuite.ga.ConstructionFailedException: Failed to add constructor for com.facebook.presto.common.block.RowBlockBuilder due to org.evosuite.ga.ConstructionFailedException: Failed to add constructor for com.facebook.presto.common.type.TypeWithName due to org.evosuite.ga.ConstructionFailedException: Failed to add constructor for com.facebook.presto.common.type.FunctionType due to org.evosuite.ga.ConstructionFailedException: Max recursion depth reached
[MASTER] 15:11:44.576 [pool-2-thread-1] WARN  TestChromosome - Functional mock problem: org.evosuite.ga.ConstructionFailedException: Failed to add constructor for com.facebook.presto.common.block.RunLengthEncodedBlock due to org.evosuite.ga.ConstructionFailedException: Failed to add constructor for com.facebook.presto.common.block.SingleMapBlockWriter due to org.evosuite.ga.ConstructionFailedException: Failed to add constructor for com.facebook.presto.common.block.MapBlockBuilder due to org.evosuite.ga.ConstructionFailedException: Max recursion depth reached
[MASTER] 15:11:44.775 [pool-2-thread-1] WARN  TestChromosome - Functional mock problem: org.evosuite.ga.ConstructionFailedException: Have no generator for class com.facebook.presto.common.block.RunLengthEncodedBlock canUseFunctionalMocks=false, canBeMocked: true
[MASTER] 15:11:44.810 [pool-2-thread-1] WARN  TestChromosome - Functional mock problem: org.evosuite.ga.ConstructionFailedException: Failed to add constructor for com.facebook.presto.common.block.SingleMapBlock due to org.evosuite.ga.ConstructionFailedException: Failed to add constructor for com.facebook.presto.common.block.DictionaryBlock due to org.evosuite.ga.ConstructionFailedException: Max recursion depth reached
[MASTER] 15:11:44.860 [pool-2-thread-1] WARN  TestChromosome - Functional mock problem: org.evosuite.ga.ConstructionFailedException: Failed to add constructor for com.facebook.presto.common.type.MapType due to org.evosuite.ga.ConstructionFailedException: Failed to add constructor for com.facebook.presto.common.type.TypeWithName due to org.evosuite.ga.ConstructionFailedException: Max recursion depth reached
[MASTER] 15:11:44.870 [pool-2-thread-1] WARN  TestChromosome - Functional mock problem: org.evosuite.ga.ConstructionFailedException: Failed to add constructor for com.facebook.presto.common.block.ArrayBlockBuilder due to org.evosuite.ga.ConstructionFailedException: Failed to add constructor for com.facebook.presto.common.type.BigintEnumType due to org.evosuite.ga.ConstructionFailedException: Failed to add constructor for com.facebook.presto.common.type.BigintEnumType$LongEnumMap due to org.evosuite.ga.ConstructionFailedException: Have no generator for class com.facebook.presto.common.type.BigintEnumType canUseFunctionalMocks=false, canBeMocked: true
[MASTER] 15:11:44.989 [pool-2-thread-1] WARN  TestChromosome - Functional mock problem: org.evosuite.ga.ConstructionFailedException: Failed to add constructor for com.facebook.presto.common.block.RunLengthEncodedBlock due to org.evosuite.ga.ConstructionFailedException: Failed to add constructor for com.facebook.presto.common.block.DictionaryBlock due to org.evosuite.ga.ConstructionFailedException: Failed to add constructor for com.facebook.presto.common.block.ByteArrayBlockBuilder due to org.evosuite.ga.ConstructionFailedException: Max recursion depth reached
[MASTER] 15:11:45.032 [pool-2-thread-1] WARN  TestChromosome - Functional mock problem: org.evosuite.ga.ConstructionFailedException: Failed to add constructor for com.facebook.presto.common.block.RunLengthEncodedBlock due to org.evosuite.ga.ConstructionFailedException: Failed to add constructor for com.facebook.presto.common.block.SingleRowBlock due to org.evosuite.ga.ConstructionFailedException: Have no generator for class com.facebook.presto.common.block.SingleRowBlock canUseFunctionalMocks=false, canBeMocked: true
[MASTER] 15:11:45.036 [pool-2-thread-1] WARN  TestChromosome - Functional mock problem: org.evosuite.ga.ConstructionFailedException: Have no generator for com.google.common.base.Converter<java.lang.Object, java.io.InputStream> canUseFunctionalMocks=false, canBeMocked: true
[MASTER] 15:11:45.145 [pool-2-thread-1] WARN  TestChromosome - Functional mock problem: org.evosuite.ga.ConstructionFailedException: Error: VariableReference: Statement 15, type java.util.ArrayList<java.lang.Class<com.facebook.presto.common.block.SingleMapBlock>> is not assignable to java.util.List<java.lang.Class<?>>
[MASTER] 15:11:45.149 [pool-2-thread-1] WARN  TestChromosome - Functional mock problem: org.evosuite.ga.ConstructionFailedException: Error: VariableReference: Statement 12, type java.util.ArrayList<java.lang.Class<java.lang.Object>> is not assignable to java.util.List<java.lang.Class<?>>
[MASTER] 15:11:45.709 [pool-2-thread-1] WARN  TestChromosome - Functional mock problem: org.evosuite.ga.ConstructionFailedException: Error: VariableReference: Statement 13, type java.util.ArrayList<java.lang.Class<java.lang.String>> is not assignable to java.util.List<java.lang.Class<?>>
[MASTER] 15:11:45.880 [pool-2-thread-1] WARN  TestChromosome - Functional mock problem: org.evosuite.ga.ConstructionFailedException: Have no generator for class com.facebook.presto.common.block.LazyBlock canUseFunctionalMocks=false, canBeMocked: true
[MASTER] 15:11:45.919 [pool-2-thread-1] WARN  TestChromosome - Functional mock problem: org.evosuite.ga.ConstructionFailedException: Failed to add constructor for com.facebook.presto.common.block.RowBlockBuilder due to org.evosuite.ga.ConstructionFailedException: Failed to add constructor for com.facebook.presto.common.type.FunctionType due to org.evosuite.ga.ConstructionFailedException: Max recursion depth reached
[MASTER] 15:11:45.965 [pool-2-thread-1] WARN  TestChromosome - Functional mock problem: org.evosuite.ga.ConstructionFailedException: Error: VariableReference: Statement 15, type java.util.Vector<java.lang.Class<java.lang.Long>> is not assignable to java.util.List<java.lang.Class<?>>
[MASTER] 15:11:46.246 [pool-2-thread-1] WARN  TestChromosome - Functional mock problem: org.evosuite.ga.ConstructionFailedException: Failed to add constructor for com.facebook.presto.common.type.ArrayType due to org.evosuite.ga.ConstructionFailedException: Failed to add constructor for com.facebook.presto.common.type.VarcharEnumType due to org.evosuite.ga.ConstructionFailedException: Max recursion depth reached
[MASTER] 15:11:46.320 [pool-2-thread-1] WARN  TestChromosome - Functional mock problem: org.evosuite.ga.ConstructionFailedException: Error: VariableReference: Statement 13, type java.util.Vector<java.lang.Class<java.lang.Long>> is not assignable to java.util.List<java.lang.Class<?>>
[MASTER] 15:11:46.462 [pool-2-thread-1] WARN  TestChromosome - Functional mock problem: org.evosuite.ga.ConstructionFailedException: Failed to add constructor for com.facebook.presto.common.block.VariableWidthBlock due to org.evosuite.ga.ConstructionFailedException: Failed to add constructor for com.facebook.presto.common.type.FunctionType due to org.evosuite.ga.ConstructionFailedException: Have no generator for class com.facebook.presto.common.type.FunctionType canUseFunctionalMocks=false, canBeMocked: true
[MASTER] 15:11:46.513 [pool-2-thread-1] WARN  TestChromosome - Functional mock problem: org.evosuite.ga.ConstructionFailedException: Failed to add constructor for com.facebook.presto.common.block.ArrayBlockBuilder due to org.evosuite.ga.ConstructionFailedException: Failed to add constructor for com.facebook.presto.common.type.BigintEnumType due to org.evosuite.ga.ConstructionFailedException: Failed to add constructor for com.facebook.presto.common.type.BigintEnumType$LongEnumMap due to org.evosuite.ga.ConstructionFailedException: Max recursion depth reached
[MASTER] 15:11:46.632 [pool-2-thread-1] WARN  TestChromosome - Functional mock problem: org.evosuite.ga.ConstructionFailedException: Failed to add constructor for com.facebook.presto.common.block.SingleRowBlockWriter due to org.evosuite.ga.ConstructionFailedException: Have no generator for class com.facebook.presto.common.block.ByteArrayBlockBuilder canUseFunctionalMocks=false, canBeMocked: true
[MASTER] 15:11:46.773 [pool-2-thread-1] WARN  TestChromosome - Functional mock problem: org.evosuite.ga.ConstructionFailedException: Failed to add constructor for com.facebook.presto.common.block.DictionaryBlock due to org.evosuite.ga.ConstructionFailedException: Failed to add constructor for com.facebook.presto.common.block.SingleMapBlockWriter due to org.evosuite.ga.ConstructionFailedException: Failed to add constructor for com.facebook.presto.common.block.MapBlockBuilder due to org.evosuite.ga.ConstructionFailedException: Failed to add constructor for com.facebook.presto.common.block.BlockBuilderStatus due to org.evosuite.ga.ConstructionFailedException: Max recursion depth reached
[MASTER] 15:11:46.886 [pool-2-thread-1] WARN  TestChromosome - Functional mock problem: org.evosuite.ga.ConstructionFailedException: Error: VariableReference: Statement 13, type java.util.Stack<java.lang.Class<int[]>> is not assignable to java.util.List<java.lang.Class<?>>
[MASTER] 15:11:46.906 [pool-2-thread-1] WARN  TestChromosome - Functional mock problem: org.evosuite.ga.ConstructionFailedException: Failed to add constructor for com.facebook.presto.common.block.RunLengthEncodedBlock due to org.evosuite.ga.ConstructionFailedException: Failed to add constructor for com.facebook.presto.common.block.SingleArrayBlockWriter due to org.evosuite.ga.ConstructionFailedException: Failed to add constructor for com.facebook.presto.common.block.Int128ArrayBlockBuilder due to org.evosuite.ga.ConstructionFailedException: Failed to add constructor for com.facebook.presto.common.block.BlockBuilderStatus due to org.evosuite.ga.ConstructionFailedException: Max recursion depth reached
[MASTER] 15:11:47.179 [pool-2-thread-1] WARN  TestChromosome - Functional mock problem: org.evosuite.ga.ConstructionFailedException: Have no generator for class com.facebook.presto.common.type.FunctionType canUseFunctionalMocks=false, canBeMocked: true
[MASTER] 15:11:47.634 [pool-2-thread-1] WARN  TestChromosome - Functional mock problem: org.evosuite.ga.ConstructionFailedException: Failed to add constructor for com.facebook.presto.common.block.MapBlockBuilder due to org.evosuite.ga.ConstructionFailedException: Failed to add constructor for com.facebook.presto.common.type.FunctionType due to org.evosuite.ga.ConstructionFailedException: Failed to add constructor for com.facebook.presto.common.type.TypeWithName due to org.evosuite.ga.ConstructionFailedException: Max recursion depth reached
[MASTER] 15:11:47.752 [pool-2-thread-1] WARN  TestChromosome - Functional mock problem: org.evosuite.ga.ConstructionFailedException: Error: VariableReference: Statement 16, type java.util.Vector<java.lang.Class<java.io.InputStream>> is not assignable to java.util.List<java.lang.Class<?>>
[MASTER] 15:11:47.787 [pool-2-thread-1] WARN  TestChromosome - Functional mock problem: org.evosuite.ga.ConstructionFailedException: Failed to add constructor for com.facebook.presto.common.block.MapBlockBuilder due to org.evosuite.ga.ConstructionFailedException: Failed to add constructor for com.facebook.presto.common.type.VarcharEnumType due to org.evosuite.ga.ConstructionFailedException: Failed to add constructor for com.facebook.presto.common.type.VarcharEnumType$VarcharEnumMap due to org.evosuite.ga.ConstructionFailedException: Have no generator for class com.facebook.presto.common.type.VarcharEnumType canUseFunctionalMocks=false, canBeMocked: true
[MASTER] 15:11:47.804 [pool-2-thread-1] WARN  TestChromosome - Functional mock problem: org.evosuite.ga.ConstructionFailedException: Failed to add constructor for com.facebook.presto.common.block.DictionaryBlock due to org.evosuite.ga.ConstructionFailedException: Failed to add constructor for com.facebook.presto.common.block.VariableWidthBlock due to org.evosuite.ga.ConstructionFailedException: Failed to add constructor for com.facebook.presto.common.block.IntArrayBlockBuilder due to org.evosuite.ga.ConstructionFailedException: Failed to add constructor for com.facebook.presto.common.block.BlockBuilderStatus due to org.evosuite.ga.ConstructionFailedException: Max recursion depth reached
[MASTER] 15:11:47.913 [pool-2-thread-1] WARN  TestChromosome - Functional mock problem: org.evosuite.ga.ConstructionFailedException: Failed to add constructor for com.facebook.presto.common.block.SingleMapBlockWriter due to org.evosuite.ga.ConstructionFailedException: Failed to add constructor for com.facebook.presto.common.block.SingleArrayBlockWriter due to org.evosuite.ga.ConstructionFailedException: Failed to add constructor for com.facebook.presto.common.block.RowBlockBuilder due to org.evosuite.ga.ConstructionFailedException: Max recursion depth reached
[MASTER] 15:11:48.084 [pool-2-thread-1] WARN  TestChromosome - Functional mock problem: org.evosuite.ga.ConstructionFailedException: Error: VariableReference: Statement 20, type java.util.ArrayList<java.lang.Class<java.lang.Object>> is not assignable to java.util.List<java.lang.Class<?>>
[MASTER] 15:11:48.156 [pool-2-thread-1] WARN  TestChromosome - Functional mock problem: org.evosuite.ga.ConstructionFailedException: Failed to add constructor for com.facebook.presto.common.block.DictionaryBlock due to org.evosuite.ga.ConstructionFailedException: Failed to add constructor for com.facebook.presto.common.block.ArrayBlockBuilder due to org.evosuite.ga.ConstructionFailedException: Failed to add constructor for com.facebook.presto.common.block.SingleMapBlockWriter due to org.evosuite.ga.ConstructionFailedException: Failed to add constructor for com.facebook.presto.common.block.VariableWidthBlockBuilder due to org.evosuite.ga.ConstructionFailedException: Max recursion depth reached
[MASTER] 15:11:48.170 [pool-2-thread-1] WARN  TestChromosome - Functional mock problem: org.evosuite.ga.ConstructionFailedException: Error: VariableReference: Statement 19, type java.util.Vector<java.lang.Class<com.facebook.presto.common.block.SingleMapBlock>> is not assignable to java.util.List<java.lang.Class<?>>
[MASTER] 15:11:48.170 [pool-2-thread-1] WARN  TestChromosome - Functional mock problem: org.evosuite.ga.ConstructionFailedException: Error: VariableReference: Statement 13, type java.util.Stack<java.lang.Class<java.lang.Long>> is not assignable to java.util.List<java.lang.Class<?>>
[MASTER] 15:11:48.653 [pool-2-thread-1] WARN  TestChromosome - Functional mock problem: org.evosuite.ga.ConstructionFailedException: Error: VariableReference: Statement 29, type java.util.Stack<java.lang.Class<java.io.PushbackInputStream>> is not assignable to java.util.List<java.lang.Class<?>>
[MASTER] 15:11:48.852 [pool-2-thread-1] WARN  TestChromosome - Functional mock problem: org.evosuite.ga.ConstructionFailedException: Failed to add constructor for com.facebook.presto.common.block.MapBlockBuilder due to org.evosuite.ga.ConstructionFailedException: Failed to add constructor for com.facebook.presto.common.type.TypeSignature due to org.evosuite.ga.ConstructionFailedException: Max recursion depth reached
[MASTER] 15:11:48.867 [pool-2-thread-1] WARN  TestChromosome - Functional mock problem: org.evosuite.ga.ConstructionFailedException: Error: VariableReference: Statement 17, type java.util.Stack<java.lang.Class<java.lang.Object>> is not assignable to java.util.List<java.lang.Class<?>>
[MASTER] 15:11:48.964 [pool-2-thread-1] WARN  TestChromosome - Functional mock problem: org.evosuite.ga.ConstructionFailedException: Failed to add constructor for com.facebook.presto.common.type.ArrayType due to org.evosuite.ga.ConstructionFailedException: Failed to add constructor for com.facebook.presto.common.type.TypeSignature due to org.evosuite.ga.ConstructionFailedException: Max recursion depth reached
[MASTER] 15:11:49.072 [pool-2-thread-1] WARN  TestChromosome - Functional mock problem: org.evosuite.ga.ConstructionFailedException: Error: VariableReference: Statement 18, type java.util.Vector<java.lang.Class<java.lang.Integer>> is not assignable to java.util.List<java.lang.Class<?>>
[MASTER] 15:11:49.367 [pool-2-thread-1] WARN  TestChromosome - Functional mock problem: org.evosuite.ga.ConstructionFailedException: Error: VariableReference: Statement 15, type java.util.Vector<java.lang.Class<java.util.Locale$Category>> is not assignable to java.util.List<java.lang.Class<?>>
[MASTER] 15:11:49.378 [pool-2-thread-1] WARN  TestChromosome - Functional mock problem: org.evosuite.ga.ConstructionFailedException: Error: VariableReference: Statement 19, type java.util.LinkedList<java.lang.Class<java.lang.String>> is not assignable to java.util.List<java.lang.Class<?>>
[MASTER] 15:11:49.534 [pool-2-thread-1] WARN  TestChromosome - Functional mock problem: org.evosuite.ga.ConstructionFailedException: Failed to add constructor for com.facebook.presto.common.block.AbstractMapBlock$HashTables due to org.evosuite.ga.ConstructionFailedException: Error: VariableReference: Statement 17, type com.google.common.base.Function<java.lang.Object, java.util.Optional<boolean[]>> is not assignable to com.google.common.base.Function<? super java.lang.Object, ? extends java.util.Optional<int[]>>
[MASTER] 15:11:49.658 [pool-2-thread-1] WARN  TestChromosome - Functional mock problem: org.evosuite.ga.ConstructionFailedException: Failed to add constructor for io.airlift.slice.InputStreamSliceInput due to org.evosuite.ga.ConstructionFailedException: Failed to add constructor for java.io.PipedInputStream due to org.evosuite.ga.ConstructionFailedException: Failed to add constructor for java.io.PipedOutputStream due to org.evosuite.ga.ConstructionFailedException: Max recursion depth reached
[MASTER] 15:11:49.770 [pool-2-thread-1] WARN  TestChromosome - Functional mock problem: org.evosuite.ga.ConstructionFailedException: Error: VariableReference: Statement 31, type java.util.ArrayList<java.lang.Class<java.io.PushbackInputStream>> is not assignable to java.util.List<java.lang.Class<?>>
[MASTER] 15:11:49.850 [pool-2-thread-1] WARN  TestChromosome - Functional mock problem: org.evosuite.ga.ConstructionFailedException: Failed to add constructor for com.facebook.presto.common.block.VariableWidthBlock due to org.evosuite.ga.ConstructionFailedException: Failed to add constructor for com.facebook.presto.common.type.BigintEnumType due to org.evosuite.ga.ConstructionFailedException: Failed to add constructor for com.facebook.presto.common.type.BigintEnumType$LongEnumMap due to org.evosuite.ga.ConstructionFailedException: Max recursion depth reached
[MASTER] 15:11:49.893 [pool-2-thread-1] WARN  TestChromosome - Functional mock problem: org.evosuite.ga.ConstructionFailedException: Error: VariableReference: Statement 16, type java.util.LinkedList<java.lang.Class<java.lang.Integer>> is not assignable to java.util.List<java.lang.Class<?>>
[MASTER] 15:11:50.443 [pool-2-thread-1] WARN  TestChromosome - Functional mock problem: org.evosuite.ga.ConstructionFailedException: Error: VariableReference: Statement 24, type java.util.ArrayList<java.lang.Class<com.facebook.presto.common.block.SingleMapBlock>> is not assignable to java.util.List<java.lang.Class<?>>
[MASTER] 15:11:50.617 [pool-2-thread-1] WARN  TestChromosome - Functional mock problem: org.evosuite.ga.ConstructionFailedException: Have no generator for class io.airlift.slice.BasicSliceOutput canUseFunctionalMocks=false, canBeMocked: true
[MASTER] 15:11:50.648 [pool-2-thread-1] WARN  TestChromosome - Functional mock problem: org.evosuite.ga.ConstructionFailedException: Failed to add constructor for java.io.PushbackInputStream due to org.evosuite.ga.ConstructionFailedException: Max recursion depth reached
[MASTER] 15:11:50.651 [pool-2-thread-1] WARN  TestChromosome - Functional mock problem: org.evosuite.ga.ConstructionFailedException: Error: VariableReference: Statement 18, type java.util.ArrayList<java.lang.Class<java.io.InputStream>> is not assignable to java.util.List<java.lang.Class<?>>
[MASTER] 15:11:50.695 [pool-2-thread-1] WARN  TestChromosome - Functional mock problem: org.evosuite.ga.ConstructionFailedException: Error: VariableReference: Statement 15, type java.util.LinkedList<java.lang.Class<com.facebook.presto.common.block.SingleMapBlock>> is not assignable to java.util.List<java.lang.Class<?>>
[MASTER] 15:11:50.781 [pool-2-thread-1] WARN  TestChromosome - Functional mock problem: org.evosuite.ga.ConstructionFailedException: Failed to add constructor for com.facebook.presto.common.block.ArrayBlockBuilder due to org.evosuite.ga.ConstructionFailedException: Failed to add constructor for com.facebook.presto.common.type.FunctionType due to org.evosuite.ga.ConstructionFailedException: Max recursion depth reached
[MASTER] 15:11:50.898 [pool-2-thread-1] WARN  TestChromosome - Functional mock problem: org.evosuite.ga.ConstructionFailedException: Max recursion depth reached
[MASTER] 15:11:50.963 [pool-2-thread-1] WARN  TestChromosome - Functional mock problem: org.evosuite.ga.ConstructionFailedException: Failed to add constructor for io.airlift.slice.BasicSliceInput due to org.evosuite.ga.ConstructionFailedException: Failed to add constructor for io.airlift.slice.InputStreamSliceInput due to org.evosuite.ga.ConstructionFailedException: Failed to add constructor for java.io.BufferedInputStream due to org.evosuite.ga.ConstructionFailedException: Failed to add constructor for java.io.SequenceInputStream due to org.evosuite.ga.ConstructionFailedException: Max recursion depth reached
[MASTER] 15:11:51.311 [pool-2-thread-1] WARN  TestChromosome - Functional mock problem: org.evosuite.ga.ConstructionFailedException: Failed to add constructor for com.facebook.presto.common.block.RowBlockBuilder due to org.evosuite.ga.ConstructionFailedException: Failed to add constructor for com.facebook.presto.common.type.FunctionType due to org.evosuite.ga.ConstructionFailedException: Failed to add constructor for com.facebook.presto.common.type.TypeWithName due to org.evosuite.ga.ConstructionFailedException: Max recursion depth reached
[MASTER] 15:11:51.313 [pool-2-thread-1] WARN  TestChromosome - Functional mock problem: org.evosuite.ga.ConstructionFailedException: Error: VariableReference: Statement 16, type java.util.ArrayList<java.lang.Class<java.util.Optional<boolean[]>>> is not assignable to java.util.List<java.lang.Class<?>>
[MASTER] 15:11:51.507 [pool-2-thread-1] WARN  TestChromosome - Functional mock problem: org.evosuite.ga.ConstructionFailedException: Failed to add constructor for com.facebook.presto.common.block.DictionaryBlock due to org.evosuite.ga.ConstructionFailedException: Failed to add constructor for com.facebook.presto.common.block.SingleArrayBlockWriter due to org.evosuite.ga.ConstructionFailedException: Failed to add constructor for com.facebook.presto.common.block.ArrayBlockBuilder due to org.evosuite.ga.ConstructionFailedException: Max recursion depth reached
[MASTER] 15:11:51.508 [pool-2-thread-1] WARN  TestChromosome - Functional mock problem: org.evosuite.ga.ConstructionFailedException: Have no generator for com.google.common.base.Converter<boolean[], java.util.Optional<boolean[]>> canUseFunctionalMocks=false, canBeMocked: true
[MASTER] 15:11:51.975 [pool-2-thread-1] WARN  TestChromosome - Functional mock problem: org.evosuite.ga.ConstructionFailedException: Error: VariableReference: Statement 39, type java.util.LinkedList<java.lang.Class<java.lang.Integer>> is not assignable to java.util.List<java.lang.Class<?>>
[MASTER] 15:11:52.056 [pool-2-thread-1] WARN  TestChromosome - Functional mock problem: org.evosuite.ga.ConstructionFailedException: Error: VariableReference: Statement 17, type java.util.LinkedList<java.lang.Class<java.io.InputStream>> is not assignable to java.util.List<java.lang.Class<?>>
[MASTER] 15:11:52.102 [pool-2-thread-1] WARN  TestChromosome - Functional mock problem: org.evosuite.ga.ConstructionFailedException: Failed to add constructor for com.facebook.presto.common.block.DictionaryBlock due to org.evosuite.ga.ConstructionFailedException: Failed to add constructor for com.facebook.presto.common.block.DictionaryBlock due to org.evosuite.ga.ConstructionFailedException: Failed to add constructor for com.facebook.presto.common.block.ArrayBlockBuilder due to org.evosuite.ga.ConstructionFailedException: Failed to add constructor for com.facebook.presto.common.block.Int128ArrayBlockBuilder due to org.evosuite.ga.ConstructionFailedException: Failed to add constructor for com.facebook.presto.common.block.BlockBuilderStatus due to org.evosuite.ga.ConstructionFailedException: Max recursion depth reached
[MASTER] 15:11:52.168 [pool-2-thread-1] WARN  TestChromosome - Functional mock problem: org.evosuite.ga.ConstructionFailedException: Error: VariableReference: Statement 13, type java.util.Stack<java.lang.Class<java.io.PushbackInputStream>> is not assignable to java.util.List<java.lang.Class<?>>
[MASTER] 15:11:52.244 [pool-2-thread-1] WARN  TestChromosome - Functional mock problem: org.evosuite.ga.ConstructionFailedException: Error: VariableReference: Statement 15, type java.util.ArrayList<java.lang.Class<java.lang.Object>> is not assignable to java.util.List<java.lang.Class<?>>
[MASTER] 15:11:52.258 [pool-2-thread-1] WARN  TestChromosome - Functional mock problem: org.evosuite.ga.ConstructionFailedException: Error: VariableReference: Statement 17, type java.util.List<java.lang.Class<java.lang.Object>> is not assignable to java.util.List<java.lang.Class<?>>
[MASTER] 15:11:52.381 [pool-2-thread-1] WARN  TestChromosome - Functional mock problem: org.evosuite.ga.ConstructionFailedException: Error: VariableReference: Statement 17, type java.util.Stack<java.lang.Class<com.facebook.presto.common.type.RowFieldName>> is not assignable to java.util.List<java.lang.Class<?>>
[MASTER] 15:11:52.733 [pool-2-thread-1] WARN  TestChromosome - Functional mock problem: org.evosuite.ga.ConstructionFailedException: Failed to add constructor for com.facebook.presto.common.block.Int128ArrayBlock due to org.evosuite.ga.ConstructionFailedException: Have no generator for com.google.common.base.Converter<java.lang.Object, java.io.InputStream> canUseFunctionalMocks=false, canBeMocked: true
[MASTER] 15:11:52.832 [pool-2-thread-1] WARN  TestChromosome - Functional mock problem: org.evosuite.ga.ConstructionFailedException: Error: VariableReference: Statement 17, type java.util.Vector<java.lang.Class<com.facebook.presto.common.block.SingleMapBlock>> is not assignable to java.util.List<java.lang.Class<?>>
[MASTER] 15:11:52.834 [pool-2-thread-1] WARN  TestChromosome - Functional mock problem: org.evosuite.ga.ConstructionFailedException: Error: VariableReference: Statement 14, type java.util.Vector<java.lang.Class<java.lang.Object>> is not assignable to java.util.List<java.lang.Class<?>>
[MASTER] 15:11:52.936 [pool-2-thread-1] WARN  TestChromosome - Functional mock problem: org.evosuite.ga.ConstructionFailedException: Error: VariableReference: Statement 15, type java.util.List<java.lang.Class<java.lang.Integer>> is not assignable to java.util.List<java.lang.Class<?>>
[MASTER] 15:11:53.107 [pool-2-thread-1] WARN  TestChromosome - Functional mock problem: org.evosuite.ga.ConstructionFailedException: Error: VariableReference: Statement 16, type java.util.List<java.lang.Class<java.lang.Object>> is not assignable to java.util.List<java.lang.Class<?>>
[MASTER] 15:11:53.152 [pool-2-thread-1] WARN  TestChromosome - Functional mock problem: org.evosuite.ga.ConstructionFailedException: Error: VariableReference: Statement 21, type java.util.ArrayList<java.lang.Class<int[]>> is not assignable to java.util.List<java.lang.Class<?>>
[MASTER] 15:11:53.226 [pool-2-thread-1] WARN  TestChromosome - Functional mock problem: org.evosuite.ga.ConstructionFailedException: Error: VariableReference: Statement 18, type java.util.Stack<java.lang.Class<java.lang.Object>> is not assignable to java.util.List<java.lang.Class<?>>
[MASTER] 15:11:53.584 [pool-2-thread-1] WARN  TestChromosome - Functional mock problem: org.evosuite.ga.ConstructionFailedException: Failed to add constructor for com.facebook.presto.common.block.AbstractMapBlock$HashTables due to org.evosuite.ga.ConstructionFailedException: Failed to add constructor for java.io.PipedInputStream due to org.evosuite.ga.ConstructionFailedException: Failed to add constructor for java.io.PipedOutputStream due to org.evosuite.ga.ConstructionFailedException: Max recursion depth reached
[MASTER] 15:11:53.715 [pool-2-thread-1] WARN  TestChromosome - Functional mock problem: org.evosuite.ga.ConstructionFailedException: Error: VariableReference: Statement 15, type java.util.ArrayList<java.lang.Class<java.lang.Long>> is not assignable to java.util.List<java.lang.Class<?>>
[MASTER] 15:11:53.750 [pool-2-thread-1] WARN  TestChromosome - Functional mock problem: org.evosuite.ga.ConstructionFailedException: Failed to add constructor for com.facebook.presto.common.block.RowBlockBuilder due to org.evosuite.ga.ConstructionFailedException: Failed to add constructor for com.facebook.presto.common.type.FunctionType due to org.evosuite.ga.ConstructionFailedException: Have no generator for class com.facebook.presto.common.type.FunctionType canUseFunctionalMocks=false, canBeMocked: true
[MASTER] 15:11:54.571 [pool-2-thread-1] WARN  TestChromosome - Functional mock problem: org.evosuite.ga.ConstructionFailedException: Error: VariableReference: Statement 17, type java.util.LinkedList<java.lang.Class<java.lang.Long>> is not assignable to java.util.List<java.lang.Class<?>>
[MASTER] 15:11:54.602 [pool-2-thread-1] WARN  TestChromosome - Functional mock problem: org.evosuite.ga.ConstructionFailedException: Error: VariableReference: Statement 16, type java.util.Stack<java.lang.Class<java.util.Optional<boolean[]>>> is not assignable to java.util.List<java.lang.Class<?>>
[MASTER] 15:11:54.719 [pool-2-thread-1] WARN  TestChromosome - Functional mock problem: org.evosuite.ga.ConstructionFailedException: Failed to add constructor for com.facebook.presto.common.block.SingleArrayBlockWriter due to org.evosuite.ga.ConstructionFailedException: Failed to add constructor for com.facebook.presto.common.block.ByteArrayBlockBuilder due to org.evosuite.ga.ConstructionFailedException: Failed to add constructor for com.facebook.presto.common.block.BlockBuilderStatus due to org.evosuite.ga.ConstructionFailedException: Max recursion depth reached
[MASTER] 15:11:54.941 [pool-2-thread-1] WARN  TestChromosome - Functional mock problem: org.evosuite.ga.ConstructionFailedException: Failed to add constructor for com.facebook.presto.common.block.RowBlockBuilder due to org.evosuite.ga.ConstructionFailedException: Failed to add constructor for com.facebook.presto.common.type.ArrayType due to org.evosuite.ga.ConstructionFailedException: Max recursion depth reached
[MASTER] 15:11:54.969 [pool-2-thread-1] WARN  TestChromosome - Functional mock problem: org.evosuite.ga.ConstructionFailedException: Have no generator for class com.facebook.presto.common.block.ByteArrayBlockBuilder canUseFunctionalMocks=false, canBeMocked: true
[MASTER] 15:11:54.971 [pool-2-thread-1] WARN  TestChromosome - Functional mock problem: org.evosuite.ga.ConstructionFailedException: Error: VariableReference: Statement 17, type java.util.ArrayList<java.lang.Class<com.facebook.presto.common.type.TinyintType>> is not assignable to java.util.List<java.lang.Class<?>>
[MASTER] 15:11:55.272 [pool-2-thread-1] WARN  TestChromosome - Functional mock problem: org.evosuite.ga.ConstructionFailedException: Error: VariableReference: Statement 14, type java.util.Vector<java.lang.Class<java.lang.String>> is not assignable to java.util.List<java.lang.Class<?>>
[MASTER] 15:11:55.291 [pool-2-thread-1] WARN  TestChromosome - Functional mock problem: org.evosuite.ga.ConstructionFailedException: Failed to add constructor for com.facebook.presto.common.type.TypeWithName due to org.evosuite.ga.ConstructionFailedException: Max recursion depth reached
[MASTER] 15:11:55.293 [pool-2-thread-1] WARN  TestChromosome - Functional mock problem: org.evosuite.ga.ConstructionFailedException: Error: VariableReference: Statement 30, type java.util.LinkedList<java.lang.Class<com.facebook.presto.common.type.RowFieldName>> is not assignable to java.util.List<java.lang.Class<?>>
[MASTER] 15:11:55.426 [pool-2-thread-1] WARN  TestChromosome - Functional mock problem: org.evosuite.ga.ConstructionFailedException: Failed to add constructor for com.facebook.presto.common.block.SingleRowBlock due to org.evosuite.ga.ConstructionFailedException: Failed to add constructor for com.facebook.presto.common.block.IntArrayBlock due to org.evosuite.ga.ConstructionFailedException: Have no generator for com.google.common.base.Converter<java.lang.Object, boolean[]> canUseFunctionalMocks=false, canBeMocked: true
[MASTER] 15:11:55.760 [pool-2-thread-1] WARN  TestChromosome - Functional mock problem: org.evosuite.ga.ConstructionFailedException: Error: VariableReference: Statement 34, type java.util.ArrayList<java.lang.Class<java.lang.Object>> is not assignable to java.util.List<java.lang.Class<?>>
[MASTER] 15:11:55.841 [pool-2-thread-1] WARN  TestChromosome - Functional mock problem: org.evosuite.ga.ConstructionFailedException: Failed to add constructor for com.facebook.presto.common.block.ArrayBlockBuilder due to org.evosuite.ga.ConstructionFailedException: Failed to add constructor for com.facebook.presto.common.block.SingleArrayBlockWriter due to org.evosuite.ga.ConstructionFailedException: Failed to add constructor for com.facebook.presto.common.block.ShortArrayBlockBuilder due to org.evosuite.ga.ConstructionFailedException: Failed to add constructor for com.facebook.presto.common.block.BlockBuilderStatus due to org.evosuite.ga.ConstructionFailedException: Max recursion depth reached
[MASTER] 15:11:55.851 [pool-2-thread-1] WARN  TestChromosome - Functional mock problem: org.evosuite.ga.ConstructionFailedException: Failed to add constructor for com.facebook.presto.common.block.MapBlockBuilder due to org.evosuite.ga.ConstructionFailedException: Failed to add constructor for com.facebook.presto.common.type.BigintEnumType due to org.evosuite.ga.ConstructionFailedException: Failed to add constructor for com.facebook.presto.common.type.BigintEnumType$LongEnumMap due to org.evosuite.ga.ConstructionFailedException: Have no generator for class com.facebook.presto.common.type.BigintEnumType canUseFunctionalMocks=false, canBeMocked: true
[MASTER] 15:11:56.036 [pool-2-thread-1] WARN  TestChromosome - Functional mock problem: org.evosuite.ga.ConstructionFailedException: Error: VariableReference: Statement 15, type java.util.Vector<java.lang.Class<java.lang.Error>> is not assignable to java.util.List<java.lang.Class<?>>
[MASTER] 15:11:56.049 [pool-2-thread-1] WARN  TestChromosome - Functional mock problem: org.evosuite.ga.ConstructionFailedException: Error: VariableReference: Statement 18, type java.util.ArrayList<java.lang.Class<java.lang.String>> is not assignable to java.util.List<java.lang.Class<?>>
[MASTER] 15:11:56.075 [pool-2-thread-1] WARN  TestChromosome - Functional mock problem: org.evosuite.ga.ConstructionFailedException: Failed to add constructor for com.facebook.presto.common.block.VariableWidthBlock due to org.evosuite.ga.ConstructionFailedException: Have no generator for com.google.common.base.Converter<java.lang.Object, boolean[]> canUseFunctionalMocks=false, canBeMocked: true
[MASTER] 15:11:56.632 [pool-2-thread-1] WARN  TestChromosome - Functional mock problem: org.evosuite.ga.ConstructionFailedException: Failed to add constructor for com.facebook.presto.common.block.SingleMapBlock due to org.evosuite.ga.ConstructionFailedException: Failed to add constructor for com.facebook.presto.common.block.SingleArrayBlockWriter due to org.evosuite.ga.ConstructionFailedException: Failed to add constructor for com.facebook.presto.common.block.ArrayBlockBuilder due to org.evosuite.ga.ConstructionFailedException: Failed to add constructor for com.facebook.presto.common.block.BlockBuilderStatus due to org.evosuite.ga.ConstructionFailedException: Max recursion depth reached
[MASTER] 15:11:56.746 [pool-2-thread-1] WARN  TestChromosome - Functional mock problem: org.evosuite.ga.ConstructionFailedException: Failed to add constructor for com.facebook.presto.common.block.IntArrayBlock due to org.evosuite.ga.ConstructionFailedException: Have no generator for com.google.common.base.Converter<boolean[], java.util.Optional<boolean[]>> canUseFunctionalMocks=false, canBeMocked: true
[MASTER] 15:11:57.167 [pool-2-thread-1] WARN  TestChromosome - Functional mock problem: org.evosuite.ga.ConstructionFailedException: Error: VariableReference: Statement 29, type java.util.Stack<java.lang.Class<boolean[]>> is not assignable to java.util.List<java.lang.Class<?>>
[MASTER] 15:11:57.182 [pool-2-thread-1] WARN  TestChromosome - Functional mock problem: org.evosuite.ga.ConstructionFailedException: Failed to add constructor for com.facebook.presto.common.block.SingleRowBlockWriter due to org.evosuite.ga.ConstructionFailedException: Failed to add constructor for io.airlift.slice.ChunkedSliceInput due to org.evosuite.ga.ConstructionFailedException: Invalid generic instance
[MASTER] 15:11:57.388 [pool-2-thread-1] WARN  TestChromosome - Functional mock problem: org.evosuite.ga.ConstructionFailedException: Error: VariableReference: Statement 13, type java.util.List<java.lang.Class<java.lang.Error>> is not assignable to java.util.List<java.lang.Class<?>>
[MASTER] 15:11:57.614 [pool-2-thread-1] WARN  TestChromosome - Functional mock problem: org.evosuite.ga.ConstructionFailedException: Failed to add constructor for com.facebook.presto.common.block.Int128ArrayBlock due to org.evosuite.ga.ConstructionFailedException: Have no generator for com.google.common.base.Converter<java.lang.Object, java.util.Optional<boolean[]>> canUseFunctionalMocks=false, canBeMocked: true
[MASTER] 15:11:57.769 [pool-2-thread-1] WARN  TestChromosome - Functional mock problem: org.evosuite.ga.ConstructionFailedException: Failed to add constructor for com.facebook.presto.common.block.RunLengthEncodedBlock due to org.evosuite.ga.ConstructionFailedException: Failed to add constructor for io.airlift.slice.InputStreamSliceInput due to org.evosuite.ga.ConstructionFailedException: Failed to add constructor for io.airlift.slice.ChunkedSliceInput due to org.evosuite.ga.ConstructionFailedException: Invalid generic instance
[MASTER] 15:11:58.117 [pool-2-thread-1] WARN  TestChromosome - Functional mock problem: org.evosuite.ga.ConstructionFailedException: Failed to add constructor for com.facebook.presto.common.block.SingleArrayBlockWriter due to org.evosuite.ga.ConstructionFailedException: Failed to add constructor for com.facebook.presto.common.block.Int128ArrayBlockBuilder due to org.evosuite.ga.ConstructionFailedException: Failed to add constructor for com.facebook.presto.common.block.BlockBuilderStatus due to org.evosuite.ga.ConstructionFailedException: Max recursion depth reached
[MASTER] 15:11:58.993 [pool-2-thread-1] WARN  TestChromosome - Functional mock problem: org.evosuite.ga.ConstructionFailedException: Failed to add constructor for com.facebook.presto.common.type.BigintEnumType due to org.evosuite.ga.ConstructionFailedException: Failed to add constructor for com.facebook.presto.common.type.TypeSignature due to org.evosuite.ga.ConstructionFailedException: Failed to add constructor for com.facebook.presto.common.type.UserDefinedType due to org.evosuite.ga.ConstructionFailedException: Max recursion depth reached
[MASTER] 15:11:59.053 [pool-2-thread-1] WARN  TestChromosome - Functional mock problem: org.evosuite.ga.ConstructionFailedException: Failed to add constructor for com.facebook.presto.common.block.VariableWidthBlock due to org.evosuite.ga.ConstructionFailedException: Max recursion depth reached
[MASTER] 15:11:59.172 [pool-2-thread-1] WARN  TestChromosome - Functional mock problem: org.evosuite.ga.ConstructionFailedException: Failed to add constructor for com.facebook.presto.common.block.RowBlockBuilder due to org.evosuite.ga.ConstructionFailedException: Max recursion depth reached
[MASTER] 15:12:00.363 [pool-2-thread-1] WARN  TestChromosome - Functional mock problem: org.evosuite.ga.ConstructionFailedException: Failed to add constructor for com.facebook.presto.common.block.VariableWidthBlock due to org.evosuite.ga.ConstructionFailedException: Failed to add constructor for com.facebook.presto.common.block.RowBlockBuilder due to org.evosuite.ga.ConstructionFailedException: Failed to add constructor for com.facebook.presto.common.type.FunctionType due to org.evosuite.ga.ConstructionFailedException: Max recursion depth reached
[MASTER] 15:12:00.417 [pool-2-thread-1] WARN  TestChromosome - Functional mock problem: org.evosuite.ga.ConstructionFailedException: Failed to add constructor for com.facebook.presto.common.block.AbstractMapBlock$HashTables due to org.evosuite.ga.ConstructionFailedException: Error: VariableReference: Statement 2, type com.google.common.base.Function<java.lang.Object, java.util.Optional<boolean[]>> is not assignable to com.google.common.base.Function<? super java.lang.Object, ? extends java.util.Optional<int[]>>
[MASTER] 15:12:00.476 [pool-2-thread-1] WARN  TestChromosome - Functional mock problem: org.evosuite.ga.ConstructionFailedException: Failed to add constructor for com.facebook.presto.common.block.RowBlockBuilder due to org.evosuite.ga.ConstructionFailedException: Failed to add constructor for com.facebook.presto.common.type.FunctionType due to org.evosuite.ga.ConstructionFailedException: Failed to add constructor for com.facebook.presto.common.type.MapType due to org.evosuite.ga.ConstructionFailedException: Max recursion depth reached
[MASTER] 15:12:00.529 [pool-2-thread-1] WARN  TestChromosome - Functional mock problem: org.evosuite.ga.ConstructionFailedException: Have no generator for class com.facebook.presto.common.block.MapBlock canUseFunctionalMocks=false, canBeMocked: true
[MASTER] 15:12:00.890 [pool-2-thread-1] WARN  TestChromosome - Functional mock problem: org.evosuite.ga.ConstructionFailedException: Error: VariableReference: Statement 25, type java.util.List<java.lang.Class<java.lang.Class<java.lang.String>>> is not assignable to java.util.List<java.lang.Class<?>>
[MASTER] 15:12:00.926 [pool-2-thread-1] WARN  TestChromosome - Functional mock problem: org.evosuite.ga.ConstructionFailedException: Failed to add constructor for com.facebook.presto.common.block.AbstractMapBlock$HashTables due to org.evosuite.ga.ConstructionFailedException: Error: VariableReference: Statement 8, type com.google.common.base.Function<int[], java.util.Optional<boolean[]>> is not assignable to com.google.common.base.Function<? super int[], ? extends java.util.Optional<int[]>>
[MASTER] 15:12:01.281 [pool-2-thread-1] WARN  TestChromosome - Functional mock problem: org.evosuite.ga.ConstructionFailedException: Failed to add constructor for com.facebook.presto.common.block.SingleRowBlock due to org.evosuite.ga.ConstructionFailedException: Failed to add constructor for com.facebook.presto.common.block.SingleRowBlockWriter due to org.evosuite.ga.ConstructionFailedException: Failed to add constructor for com.facebook.presto.common.block.RowBlockBuilder due to org.evosuite.ga.ConstructionFailedException: Failed to add constructor for com.facebook.presto.common.type.FunctionType due to org.evosuite.ga.ConstructionFailedException: Have no generator for class com.facebook.presto.common.type.FunctionType canUseFunctionalMocks=false, canBeMocked: true
[MASTER] 15:12:01.447 [pool-2-thread-1] WARN  TestChromosome - Functional mock problem: org.evosuite.ga.ConstructionFailedException: Error: VariableReference: Statement 16, type java.util.Vector<java.lang.Class<java.lang.Integer>> is not assignable to java.util.List<java.lang.Class<?>>
[MASTER] 15:12:01.537 [pool-2-thread-1] WARN  TestChromosome - Functional mock problem: org.evosuite.ga.ConstructionFailedException: Failed to add constructor for com.facebook.presto.common.block.SingleMapBlockWriter due to org.evosuite.ga.ConstructionFailedException: Have no generator for class com.facebook.presto.common.block.IntArrayBlockBuilder canUseFunctionalMocks=false, canBeMocked: true
[MASTER] 15:12:01.640 [pool-2-thread-1] WARN  TestChromosome - Functional mock problem: org.evosuite.ga.ConstructionFailedException: Failed to add constructor for com.facebook.presto.common.block.VariableWidthBlock due to org.evosuite.ga.ConstructionFailedException: Failed to add constructor for io.airlift.slice.ChunkedSliceInput due to org.evosuite.ga.ConstructionFailedException: Invalid generic instance
[MASTER] 15:12:01.723 [pool-2-thread-1] WARN  TestChromosome - Functional mock problem: org.evosuite.ga.ConstructionFailedException: Error: VariableReference: Statement 13, type java.util.Stack<java.lang.Class<java.io.InputStream>> is not assignable to java.util.List<java.lang.Class<?>>
[MASTER] 15:12:01.841 [pool-2-thread-1] WARN  TestChromosome - Functional mock problem: org.evosuite.ga.ConstructionFailedException: Have no generator for class com.facebook.presto.common.block.ShortArrayBlockBuilder canUseFunctionalMocks=false, canBeMocked: true
[MASTER] 15:12:02.097 [pool-2-thread-1] WARN  TestChromosome - Functional mock problem: org.evosuite.ga.ConstructionFailedException: Failed to add constructor for com.facebook.presto.common.block.ArrayBlockBuilder due to org.evosuite.ga.ConstructionFailedException: Failed to add constructor for com.facebook.presto.common.block.SingleMapBlockWriter due to org.evosuite.ga.ConstructionFailedException: Failed to add constructor for com.facebook.presto.common.block.ArrayBlockBuilder due to org.evosuite.ga.ConstructionFailedException: Failed to add constructor for com.facebook.presto.common.type.TypeWithName due to org.evosuite.ga.ConstructionFailedException: Max recursion depth reached
[MASTER] 15:12:02.669 [pool-2-thread-1] WARN  TestChromosome - Functional mock problem: org.evosuite.ga.ConstructionFailedException: Error: VariableReference: Statement 15, type java.util.Vector<java.lang.Class<java.lang.String>> is not assignable to java.util.List<java.lang.Class<?>>
[MASTER] 15:12:02.689 [pool-2-thread-1] WARN  TestChromosome - Functional mock problem: org.evosuite.ga.ConstructionFailedException: Failed to add constructor for com.facebook.presto.common.block.ArrayBlockBuilder due to org.evosuite.ga.ConstructionFailedException: Failed to add constructor for com.facebook.presto.common.block.ShortArrayBlockBuilder due to org.evosuite.ga.ConstructionFailedException: Failed to add constructor for com.facebook.presto.common.block.BlockBuilderStatus due to org.evosuite.ga.ConstructionFailedException: Max recursion depth reached
[MASTER] 15:12:03.396 [pool-2-thread-1] WARN  TestChromosome - Functional mock problem: org.evosuite.ga.ConstructionFailedException: Failed to add constructor for com.facebook.presto.common.block.VariableWidthBlock due to org.evosuite.ga.ConstructionFailedException: Failed to add constructor for com.facebook.presto.common.block.ShortArrayBlockBuilder due to org.evosuite.ga.ConstructionFailedException: Failed to add constructor for com.facebook.presto.common.block.BlockBuilderStatus due to org.evosuite.ga.ConstructionFailedException: Max recursion depth reached
[MASTER] 15:12:03.495 [pool-2-thread-1] WARN  TestChromosome - Functional mock problem: org.evosuite.ga.ConstructionFailedException: Failed to add constructor for com.facebook.presto.common.block.SingleMapBlock due to org.evosuite.ga.ConstructionFailedException: Failed to add constructor for com.facebook.presto.common.block.LongArrayBlockBuilder due to org.evosuite.ga.ConstructionFailedException: Max recursion depth reached
[MASTER] 15:12:03.528 [pool-2-thread-1] WARN  TestChromosome - Functional mock problem: org.evosuite.ga.ConstructionFailedException: Failed to add constructor for com.facebook.presto.common.block.ByteArrayBlock due to org.evosuite.ga.ConstructionFailedException: Failed to add constructor for com.facebook.presto.common.block.SingleMapBlock due to org.evosuite.ga.ConstructionFailedException: Max recursion depth reached
[MASTER] 15:12:03.619 [pool-2-thread-1] WARN  TestChromosome - Functional mock problem: org.evosuite.ga.ConstructionFailedException: Failed to add constructor for com.facebook.presto.common.block.ShortArrayBlock due to org.evosuite.ga.ConstructionFailedException: Have no generator for com.google.common.base.Converter<boolean[], boolean[]> canUseFunctionalMocks=false, canBeMocked: true
[MASTER] 15:12:03.921 [pool-2-thread-1] WARN  TestChromosome - Functional mock problem: org.evosuite.ga.ConstructionFailedException: Error: VariableReference: Statement 13, type java.util.ArrayList<java.lang.Class<java.lang.Error>> is not assignable to java.util.List<java.lang.Class<?>>
[MASTER] 15:12:03.983 [pool-2-thread-1] WARN  TestChromosome - Functional mock problem: org.evosuite.ga.ConstructionFailedException: Error: VariableReference: Statement 13, type java.util.LinkedList<java.lang.Class<boolean[]>> is not assignable to java.util.List<java.lang.Class<?>>
[MASTER] 15:12:04.148 [pool-2-thread-1] WARN  TestChromosome - Functional mock problem: org.evosuite.ga.ConstructionFailedException: Failed to add constructor for com.facebook.presto.common.block.DictionaryBlock due to org.evosuite.ga.ConstructionFailedException: Failed to add constructor for com.facebook.presto.common.type.FunctionType due to org.evosuite.ga.ConstructionFailedException: Max recursion depth reached
[MASTER] 15:12:04.200 [pool-2-thread-1] WARN  TestChromosome - Functional mock problem: org.evosuite.ga.ConstructionFailedException: Failed to add constructor for com.facebook.presto.common.block.RowBlockBuilder due to org.evosuite.ga.ConstructionFailedException: Failed to add constructor for com.facebook.presto.common.type.ArrayType due to org.evosuite.ga.ConstructionFailedException: Failed to add constructor for com.facebook.presto.common.type.BigintEnumType due to org.evosuite.ga.ConstructionFailedException: Failed to add constructor for com.facebook.presto.common.type.BigintEnumType$LongEnumMap due to org.evosuite.ga.ConstructionFailedException: Have no generator for class com.facebook.presto.common.type.BigintEnumType canUseFunctionalMocks=false, canBeMocked: true
[MASTER] 15:12:04.732 [pool-2-thread-1] WARN  TestChromosome - Functional mock problem: org.evosuite.ga.ConstructionFailedException: Error: VariableReference: Statement 16, type java.util.List<java.lang.Class<java.lang.Error>> is not assignable to java.util.List<java.lang.Class<?>>
[MASTER] 15:12:04.763 [pool-2-thread-1] WARN  TestChromosome - Functional mock problem: org.evosuite.ga.ConstructionFailedException: Failed to add constructor for com.facebook.presto.common.type.VarcharEnumType due to org.evosuite.ga.ConstructionFailedException: Failed to add constructor for com.facebook.presto.common.type.NamedTypeSignature due to org.evosuite.ga.ConstructionFailedException: Max recursion depth reached
[MASTER] 15:12:04.806 [pool-2-thread-1] WARN  TestChromosome - Functional mock problem: org.evosuite.ga.ConstructionFailedException: Failed to add constructor for io.airlift.slice.BasicSliceInput due to org.evosuite.ga.ConstructionFailedException: Max recursion depth reached
[MASTER] 15:12:04.955 [pool-2-thread-1] WARN  TestChromosome - Functional mock problem: org.evosuite.ga.ConstructionFailedException: Failed to add constructor for com.facebook.presto.common.block.DictionaryBlock due to org.evosuite.ga.ConstructionFailedException: Failed to add constructor for com.facebook.presto.common.block.RowBlockBuilder due to org.evosuite.ga.ConstructionFailedException: Failed to add constructor for com.facebook.presto.common.type.MapType due to org.evosuite.ga.ConstructionFailedException: Failed to add constructor for com.facebook.presto.common.type.VarcharEnumType due to org.evosuite.ga.ConstructionFailedException: Max recursion depth reached
[MASTER] 15:12:05.250 [pool-2-thread-1] WARN  TestChromosome - Functional mock problem: org.evosuite.ga.ConstructionFailedException: Have no generator for class com.facebook.presto.common.type.ArrayType canUseFunctionalMocks=false, canBeMocked: true
[MASTER] 15:12:05.902 [pool-2-thread-1] WARN  TestChromosome - Functional mock problem: org.evosuite.ga.ConstructionFailedException: Error: VariableReference: Statement 15, type java.util.Stack<java.lang.Class<java.lang.Long>> is not assignable to java.util.List<java.lang.Class<?>>
[MASTER] 15:12:06.582 [pool-2-thread-1] WARN  TestChromosome - Functional mock problem: org.evosuite.ga.ConstructionFailedException: Failed to add constructor for com.facebook.presto.common.block.SingleMapBlock due to org.evosuite.ga.ConstructionFailedException: Failed to add constructor for com.facebook.presto.common.block.VariableWidthBlock due to org.evosuite.ga.ConstructionFailedException: Max recursion depth reached
[MASTER] 15:12:06.682 [pool-2-thread-1] WARN  TestChromosome - Functional mock problem: org.evosuite.ga.ConstructionFailedException: Error: VariableReference: Statement 36, type java.util.Stack<java.lang.Class<java.lang.Integer>> is not assignable to java.util.List<java.lang.Class<?>>
[MASTER] 15:12:06.779 [pool-2-thread-1] WARN  TestChromosome - Functional mock problem: org.evosuite.ga.ConstructionFailedException: Failed to add constructor for com.facebook.presto.common.block.RunLengthEncodedBlock due to org.evosuite.ga.ConstructionFailedException: Failed to add constructor for com.facebook.presto.common.block.MapBlockBuilder due to org.evosuite.ga.ConstructionFailedException: Failed to add constructor for com.facebook.presto.common.block.BlockBuilderStatus due to org.evosuite.ga.ConstructionFailedException: Max recursion depth reached
[MASTER] 15:12:06.819 [pool-2-thread-1] WARN  TestChromosome - Functional mock problem: org.evosuite.ga.ConstructionFailedException: Error: VariableReference: Statement 31, type java.util.Vector<java.lang.Class<java.lang.Long>> is not assignable to java.util.List<java.lang.Class<?>>
[MASTER] 15:12:07.022 [pool-2-thread-1] WARN  TestChromosome - Functional mock problem: org.evosuite.ga.ConstructionFailedException: Error: VariableReference: Statement 36, type java.util.ArrayList<java.lang.Class<java.io.InputStream>> is not assignable to java.util.List<java.lang.Class<?>>
[MASTER] 15:12:07.058 [pool-2-thread-1] WARN  TestChromosome - Functional mock problem: org.evosuite.ga.ConstructionFailedException: Failed to add constructor for com.facebook.presto.common.block.SingleArrayBlockWriter due to org.evosuite.ga.ConstructionFailedException: Failed to add constructor for com.facebook.presto.common.block.SingleMapBlockWriter due to org.evosuite.ga.ConstructionFailedException: Failed to add constructor for com.facebook.presto.common.block.VariableWidthBlockBuilder due to org.evosuite.ga.ConstructionFailedException: Failed to add constructor for com.facebook.presto.common.block.BlockBuilderStatus due to org.evosuite.ga.ConstructionFailedException: Max recursion depth reached
[MASTER] 15:12:07.089 [pool-2-thread-1] WARN  TestChromosome - Functional mock problem: org.evosuite.ga.ConstructionFailedException: Error: VariableReference: Statement 13, type java.util.LinkedList<java.lang.Class<java.lang.Error>> is not assignable to java.util.List<java.lang.Class<?>>
[MASTER] 15:12:07.102 [pool-2-thread-1] WARN  TestChromosome - Functional mock problem: org.evosuite.ga.ConstructionFailedException: Failed to add constructor for com.facebook.presto.common.block.RowBlockBuilder due to org.evosuite.ga.ConstructionFailedException: Failed to add constructor for com.facebook.presto.common.type.FunctionType due to org.evosuite.ga.ConstructionFailedException: Failed to add constructor for com.facebook.presto.common.type.ArrayType due to org.evosuite.ga.ConstructionFailedException: Max recursion depth reached
[MASTER] 15:12:07.203 [pool-2-thread-1] WARN  TestChromosome - Functional mock problem: org.evosuite.ga.ConstructionFailedException: Error: VariableReference: Statement 17, type java.util.Stack<java.lang.Class<java.io.InputStream>> is not assignable to java.util.List<java.lang.Class<?>>
[MASTER] 15:12:07.414 [pool-2-thread-1] WARN  TestChromosome - Functional mock problem: org.evosuite.ga.ConstructionFailedException: Failed to add constructor for com.facebook.presto.common.block.RunLengthEncodedBlock due to org.evosuite.ga.ConstructionFailedException: Failed to add constructor for io.airlift.slice.ChunkedSliceInput due to org.evosuite.ga.ConstructionFailedException: Invalid generic instance
[MASTER] 15:12:07.488 [pool-2-thread-1] WARN  TestChromosome - Functional mock problem: org.evosuite.ga.ConstructionFailedException: Error: VariableReference: Statement 13, type java.util.ArrayList<java.lang.Class<java.util.Locale$Category>> is not assignable to java.util.List<java.lang.Class<?>>
[MASTER] 15:12:07.554 [pool-2-thread-1] WARN  TestChromosome - Functional mock problem: org.evosuite.ga.ConstructionFailedException: Error: VariableReference: Statement 13, type java.util.Vector<java.lang.Class<java.lang.Integer>> is not assignable to java.util.List<java.lang.Class<?>>
[MASTER] 15:12:07.555 [pool-2-thread-1] WARN  TestChromosome - Functional mock problem: org.evosuite.ga.ConstructionFailedException: Failed to add constructor for com.facebook.presto.common.block.SingleRowBlock due to org.evosuite.ga.ConstructionFailedException: Failed to add constructor for com.facebook.presto.common.block.SingleRowBlockWriter due to org.evosuite.ga.ConstructionFailedException: Failed to add constructor for io.airlift.slice.BasicSliceInput due to org.evosuite.ga.ConstructionFailedException: Failed to add constructor for io.airlift.slice.ChunkedSliceInput due to org.evosuite.ga.ConstructionFailedException: Invalid generic instance
[MASTER] 15:12:07.765 [pool-2-thread-1] WARN  TestChromosome - Functional mock problem: org.evosuite.ga.ConstructionFailedException: Failed to add constructor for com.facebook.presto.common.block.VariableWidthBlock due to org.evosuite.ga.ConstructionFailedException: Failed to add constructor for com.facebook.presto.common.block.RunLengthEncodedBlock due to org.evosuite.ga.ConstructionFailedException: Failed to add constructor for com.facebook.presto.common.block.DictionaryBlock due to org.evosuite.ga.ConstructionFailedException: Failed to add constructor for com.facebook.presto.common.block.SingleMapBlockWriter due to org.evosuite.ga.ConstructionFailedException: Max recursion depth reached
[MASTER] 15:12:07.779 [pool-2-thread-1] WARN  TestChromosome - Functional mock problem: org.evosuite.ga.ConstructionFailedException: Failed to add constructor for com.facebook.presto.common.block.DictionaryBlock due to org.evosuite.ga.ConstructionFailedException: Failed to add constructor for com.facebook.presto.common.block.VariableWidthBlock due to org.evosuite.ga.ConstructionFailedException: Failed to add constructor for com.facebook.presto.common.type.FunctionType due to org.evosuite.ga.ConstructionFailedException: Have no generator for class com.facebook.presto.common.type.FunctionType canUseFunctionalMocks=false, canBeMocked: true
[MASTER] 15:12:07.797 [pool-2-thread-1] WARN  TestChromosome - Functional mock problem: org.evosuite.ga.ConstructionFailedException: Error: VariableReference: Statement 13, type java.util.LinkedList<java.lang.Class<com.facebook.presto.common.type.TinyintType>> is not assignable to java.util.List<java.lang.Class<?>>
[MASTER] 15:12:07.870 [pool-2-thread-1] WARN  TestChromosome - Functional mock problem: org.evosuite.ga.ConstructionFailedException: Failed to add constructor for com.facebook.presto.common.block.DictionaryBlock due to org.evosuite.ga.ConstructionFailedException: Have no generator for com.google.common.base.Converter<java.lang.Object, boolean[]> canUseFunctionalMocks=false, canBeMocked: true
[MASTER] 15:12:07.942 [pool-2-thread-1] WARN  TestChromosome - Functional mock problem: org.evosuite.ga.ConstructionFailedException: Error: VariableReference: Statement 13, type java.util.LinkedList<java.lang.Class<java.lang.Integer>> is not assignable to java.util.List<java.lang.Class<?>>
[MASTER] 15:12:07.987 [pool-2-thread-1] WARN  TestChromosome - Functional mock problem: org.evosuite.ga.ConstructionFailedException: Failed to add constructor for com.facebook.presto.common.block.RunLengthEncodedBlock due to org.evosuite.ga.ConstructionFailedException: Failed to add constructor for com.facebook.presto.common.block.ShortArrayBlockBuilder due to org.evosuite.ga.ConstructionFailedException: Failed to add constructor for com.facebook.presto.common.block.BlockBuilderStatus due to org.evosuite.ga.ConstructionFailedException: Max recursion depth reached
[MASTER] 15:12:08.003 [pool-2-thread-1] WARN  TestChromosome - Functional mock problem: org.evosuite.ga.ConstructionFailedException: Error: VariableReference: Statement 14, type java.util.Vector<java.lang.Class<java.lang.Long>> is not assignable to java.util.List<java.lang.Class<?>>
[MASTER] 15:12:08.537 [pool-2-thread-1] WARN  TestChromosome - Functional mock problem: org.evosuite.ga.ConstructionFailedException: Error: VariableReference: Statement 15, type java.util.ArrayList<java.lang.Class<java.io.PushbackInputStream>> is not assignable to java.util.List<java.lang.Class<?>>
[MASTER] 15:12:08.615 [pool-2-thread-1] WARN  TestChromosome - Functional mock problem: org.evosuite.ga.ConstructionFailedException: Error: VariableReference: Statement 13, type java.util.LinkedList<java.lang.Class<com.facebook.presto.common.block.SingleMapBlock>> is not assignable to java.util.List<java.lang.Class<?>>
[MASTER] 15:12:08.703 [pool-2-thread-1] WARN  TestChromosome - Functional mock problem: org.evosuite.ga.ConstructionFailedException: Error: VariableReference: Statement 13, type java.util.Stack<java.lang.Class<com.facebook.presto.common.block.SingleMapBlock>> is not assignable to java.util.List<java.lang.Class<?>>
[MASTER] 15:12:08.843 [pool-2-thread-1] WARN  TestChromosome - Functional mock problem: org.evosuite.ga.ConstructionFailedException: Error: VariableReference: Statement 14, type java.util.LinkedList<java.lang.Class<java.lang.Error>> is not assignable to java.util.List<java.lang.Class<?>>
[MASTER] 15:12:09.333 [pool-2-thread-1] WARN  TestChromosome - Functional mock problem: org.evosuite.ga.ConstructionFailedException: Failed to add constructor for com.facebook.presto.common.type.BigintEnumType due to org.evosuite.ga.ConstructionFailedException: Failed to add constructor for com.facebook.presto.common.type.NamedTypeSignature due to org.evosuite.ga.ConstructionFailedException: Failed to add constructor for com.facebook.presto.common.type.TypeSignature due to org.evosuite.ga.ConstructionFailedException: Max recursion depth reached
[MASTER] 15:12:09.368 [pool-2-thread-1] WARN  TestChromosome - Functional mock problem: org.evosuite.ga.ConstructionFailedException: Error: VariableReference: Statement 17, type java.util.LinkedList<java.lang.Class<com.facebook.presto.common.block.SingleMapBlock>> is not assignable to java.util.List<java.lang.Class<?>>
[MASTER] 15:12:09.454 [pool-2-thread-1] WARN  TestChromosome - Functional mock problem: org.evosuite.ga.ConstructionFailedException: Error: VariableReference: Statement 13, type java.util.ArrayList<java.lang.Class<java.util.Optional<boolean[]>>> is not assignable to java.util.List<java.lang.Class<?>>
[MASTER] 15:12:10.365 [pool-2-thread-1] WARN  TestChromosome - Functional mock problem: org.evosuite.ga.ConstructionFailedException: Failed to add constructor for com.facebook.presto.common.type.MapType due to org.evosuite.ga.ConstructionFailedException: Failed to add constructor for com.facebook.presto.common.type.ArrayType due to org.evosuite.ga.ConstructionFailedException: Failed to add constructor for com.facebook.presto.common.type.FunctionType due to org.evosuite.ga.ConstructionFailedException: Have no generator for class com.facebook.presto.common.type.FunctionType canUseFunctionalMocks=false, canBeMocked: true
[MASTER] 15:12:10.399 [pool-2-thread-1] WARN  TestChromosome - Functional mock problem: org.evosuite.ga.ConstructionFailedException: Failed to add constructor for com.facebook.presto.common.block.SingleArrayBlockWriter due to org.evosuite.ga.ConstructionFailedException: Have no generator for class com.facebook.presto.common.type.MapType canUseFunctionalMocks=false, canBeMocked: true
[MASTER] 15:12:10.452 [pool-2-thread-1] WARN  TestChromosome - Functional mock problem: org.evosuite.ga.ConstructionFailedException: Failed to add constructor for com.facebook.presto.common.block.SingleRowBlock due to org.evosuite.ga.ConstructionFailedException: Have no generator for class com.facebook.presto.common.block.SingleRowBlock canUseFunctionalMocks=false, canBeMocked: true
[MASTER] 15:12:11.175 [pool-2-thread-1] WARN  TestChromosome - Functional mock problem: org.evosuite.ga.ConstructionFailedException: Have no generator for class com.facebook.presto.common.block.RowBlock canUseFunctionalMocks=false, canBeMocked: true
[MASTER] 15:12:11.312 [pool-2-thread-1] WARN  TestChromosome - Functional mock problem: org.evosuite.ga.ConstructionFailedException: Failed to add constructor for com.facebook.presto.common.block.SingleArrayBlockWriter due to org.evosuite.ga.ConstructionFailedException: Failed to add constructor for com.facebook.presto.common.block.SingleMapBlockWriter due to org.evosuite.ga.ConstructionFailedException: Failed to add constructor for com.facebook.presto.common.block.ArrayBlockBuilder due to org.evosuite.ga.ConstructionFailedException: Failed to add constructor for com.facebook.presto.common.type.FunctionType due to org.evosuite.ga.ConstructionFailedException: Max recursion depth reached
[MASTER] 15:12:11.330 [pool-2-thread-1] WARN  TestChromosome - Functional mock problem: org.evosuite.ga.ConstructionFailedException: Error: VariableReference: Statement 22, type java.util.ArrayList<java.lang.Class<com.facebook.presto.common.block.SingleMapBlock>> is not assignable to java.util.List<java.lang.Class<?>>
[MASTER] 15:12:11.466 [pool-2-thread-1] WARN  TestChromosome - Functional mock problem: org.evosuite.ga.ConstructionFailedException: Error: VariableReference: Statement 14, type java.util.ArrayList<java.lang.Class<java.lang.String>> is not assignable to java.util.List<java.lang.Class<?>>
[MASTER] 15:12:11.572 [pool-2-thread-1] WARN  TestChromosome - Functional mock problem: org.evosuite.ga.ConstructionFailedException: Failed to add constructor for com.facebook.presto.common.block.ArrayBlockBuilder due to org.evosuite.ga.ConstructionFailedException: Failed to add constructor for com.facebook.presto.common.block.SingleArrayBlockWriter due to org.evosuite.ga.ConstructionFailedException: Failed to add constructor for com.facebook.presto.common.block.IntArrayBlockBuilder due to org.evosuite.ga.ConstructionFailedException: Failed to add constructor for com.facebook.presto.common.block.BlockBuilderStatus due to org.evosuite.ga.ConstructionFailedException: Max recursion depth reached
[MASTER] 15:12:11.600 [pool-2-thread-1] WARN  TestChromosome - Functional mock problem: org.evosuite.ga.ConstructionFailedException: Failed to add constructor for com.facebook.presto.common.block.ArrayBlockBuilder due to org.evosuite.ga.ConstructionFailedException: Failed to add constructor for com.facebook.presto.common.block.SingleMapBlockWriter due to org.evosuite.ga.ConstructionFailedException: Failed to add constructor for com.facebook.presto.common.block.MapBlockBuilder due to org.evosuite.ga.ConstructionFailedException: Failed to add constructor for com.facebook.presto.common.block.BlockBuilderStatus due to org.evosuite.ga.ConstructionFailedException: Max recursion depth reached
[MASTER] 15:12:11.956 [pool-2-thread-1] WARN  TestChromosome - Functional mock problem: org.evosuite.ga.ConstructionFailedException: Error: VariableReference: Statement 15, type java.util.ArrayList<java.lang.Class<java.lang.String>> is not assignable to java.util.List<java.lang.Class<?>>
[MASTER] 15:12:12.095 [pool-2-thread-1] WARN  TestChromosome - Functional mock problem: org.evosuite.ga.ConstructionFailedException: Failed to add constructor for com.facebook.presto.common.block.RunLengthEncodedBlock due to org.evosuite.ga.ConstructionFailedException: Failed to add constructor for com.facebook.presto.common.block.SingleRowBlock due to org.evosuite.ga.ConstructionFailedException: Failed to add constructor for com.facebook.presto.common.block.ShortArrayBlock due to org.evosuite.ga.ConstructionFailedException: Have no generator for com.google.common.base.Converter<java.lang.Object, boolean[]> canUseFunctionalMocks=false, canBeMocked: true
[MASTER] 15:12:12.135 [pool-2-thread-1] WARN  TestChromosome - Functional mock problem: org.evosuite.ga.ConstructionFailedException: Failed to add constructor for com.facebook.presto.common.block.IntArrayBlock due to org.evosuite.ga.ConstructionFailedException: Have no generator for com.google.common.base.Converter<java.lang.Object, java.io.InputStream> canUseFunctionalMocks=false, canBeMocked: true
[MASTER] 15:12:12.752 [pool-2-thread-1] WARN  TestChromosome - Functional mock problem: org.evosuite.ga.ConstructionFailedException: Cannot instantiate a class with a class
[MASTER] 15:12:13.155 [pool-2-thread-1] WARN  TestChromosome - Functional mock problem: org.evosuite.ga.ConstructionFailedException: Error: VariableReference: Statement 13, type java.util.Vector<java.lang.Class<java.lang.String>> is not assignable to java.util.List<java.lang.Class<?>>
[MASTER] 15:12:13.224 [pool-2-thread-1] WARN  TestChromosome - Functional mock problem: org.evosuite.ga.ConstructionFailedException: Failed to add constructor for com.facebook.presto.common.block.SingleArrayBlockWriter due to org.evosuite.ga.ConstructionFailedException: Failed to add constructor for com.facebook.presto.common.block.ArrayBlockBuilder due to org.evosuite.ga.ConstructionFailedException: Failed to add constructor for com.facebook.presto.common.block.BlockBuilderStatus due to org.evosuite.ga.ConstructionFailedException: Max recursion depth reached
[MASTER] 15:12:13.430 [pool-2-thread-1] WARN  TestChromosome - Functional mock problem: org.evosuite.ga.ConstructionFailedException: Error: VariableReference: Statement 13, type java.util.LinkedList<java.lang.Class<java.io.InputStream>> is not assignable to java.util.List<java.lang.Class<?>>
[MASTER] 15:12:13.552 [pool-2-thread-1] WARN  TestChromosome - Functional mock problem: org.evosuite.ga.ConstructionFailedException: Error: VariableReference: Statement 16, type java.util.Vector<java.lang.Class<java.lang.Error>> is not assignable to java.util.List<java.lang.Class<?>>
[MASTER] 15:12:13.571 [pool-2-thread-1] WARN  TestChromosome - Functional mock problem: org.evosuite.ga.ConstructionFailedException: Failed to add constructor for com.facebook.presto.common.block.DictionaryBlock due to org.evosuite.ga.ConstructionFailedException: Failed to add constructor for com.facebook.presto.common.block.SingleMapBlock due to org.evosuite.ga.ConstructionFailedException: Failed to add constructor for com.facebook.presto.common.block.Int128ArrayBlockBuilder due to org.evosuite.ga.ConstructionFailedException: Failed to add constructor for com.facebook.presto.common.block.BlockBuilderStatus due to org.evosuite.ga.ConstructionFailedException: Max recursion depth reached
[MASTER] 15:12:13.708 [pool-2-thread-1] WARN  TestChromosome - Functional mock problem: org.evosuite.ga.ConstructionFailedException: Failed to add constructor for com.facebook.presto.common.block.DictionaryBlock due to org.evosuite.ga.ConstructionFailedException: Failed to add constructor for com.facebook.presto.common.block.SingleMapBlockWriter due to org.evosuite.ga.ConstructionFailedException: Failed to add constructor for com.facebook.presto.common.block.SingleArrayBlockWriter due to org.evosuite.ga.ConstructionFailedException: Failed to add constructor for com.facebook.presto.common.block.IntArrayBlockBuilder due to org.evosuite.ga.ConstructionFailedException: Failed to add constructor for com.facebook.presto.common.block.BlockBuilderStatus due to org.evosuite.ga.ConstructionFailedException: Max recursion depth reached
[MASTER] 15:12:14.157 [pool-2-thread-1] WARN  TestChromosome - Functional mock problem: org.evosuite.ga.ConstructionFailedException: Have no generator for class com.facebook.presto.common.block.Int128ArrayBlockBuilder canUseFunctionalMocks=false, canBeMocked: true
[MASTER] 15:12:14.193 [pool-2-thread-1] WARN  TestChromosome - Functional mock problem: org.evosuite.ga.ConstructionFailedException: Failed to add constructor for com.facebook.presto.common.block.SingleRowBlock due to org.evosuite.ga.ConstructionFailedException: Have no generator for com.google.common.base.Converter<java.lang.Object, java.util.Optional<boolean[]>> canUseFunctionalMocks=false, canBeMocked: true
[MASTER] 15:12:15.007 [pool-2-thread-1] WARN  TestChromosome - Functional mock problem: org.evosuite.ga.ConstructionFailedException: Failed to add constructor for com.facebook.presto.common.block.SingleRowBlock due to org.evosuite.ga.ConstructionFailedException: Failed to add constructor for com.facebook.presto.common.block.SingleMapBlockWriter due to org.evosuite.ga.ConstructionFailedException: Failed to add constructor for com.facebook.presto.common.block.SingleRowBlockWriter due to org.evosuite.ga.ConstructionFailedException: Have no generator for class com.facebook.presto.common.type.DateType canUseFunctionalMocks=false, canBeMocked: true
[MASTER] 15:12:15.878 [pool-2-thread-1] WARN  TestChromosome - Functional mock problem: org.evosuite.ga.ConstructionFailedException: Error: VariableReference: Statement 16, type java.util.Vector<java.lang.Class<com.facebook.presto.common.block.SingleMapBlock>> is not assignable to java.util.List<java.lang.Class<?>>
[MASTER] 15:12:15.912 [pool-2-thread-1] WARN  TestChromosome - Functional mock problem: org.evosuite.ga.ConstructionFailedException: Failed to add constructor for com.facebook.presto.common.block.IntArrayBlock due to org.evosuite.ga.ConstructionFailedException: Have no generator for com.google.common.base.Converter<java.lang.Object, boolean[]> canUseFunctionalMocks=false, canBeMocked: true
[MASTER] 15:12:16.743 [pool-2-thread-1] WARN  TestChromosome - Functional mock problem: org.evosuite.ga.ConstructionFailedException: Failed to add constructor for com.facebook.presto.common.block.ByteArrayBlock due to org.evosuite.ga.ConstructionFailedException: Have no generator for com.google.common.base.Converter<java.lang.Object, java.util.Optional<boolean[]>> canUseFunctionalMocks=false, canBeMocked: true
[MASTER] 15:12:16.815 [pool-2-thread-1] WARN  TestChromosome - Functional mock problem: org.evosuite.ga.ConstructionFailedException: Failed to add constructor for com.facebook.presto.common.block.DictionaryBlock due to org.evosuite.ga.ConstructionFailedException: Failed to add constructor for com.facebook.presto.common.block.ShortArrayBlockBuilder due to org.evosuite.ga.ConstructionFailedException: Max recursion depth reached
[MASTER] 15:12:16.845 [pool-2-thread-1] WARN  TestChromosome - Functional mock problem: org.evosuite.ga.ConstructionFailedException: Failed to add constructor for com.facebook.presto.common.block.Int128ArrayBlock due to org.evosuite.ga.ConstructionFailedException: Have no generator for com.google.common.base.Converter<java.lang.Object, boolean[]> canUseFunctionalMocks=false, canBeMocked: true
[MASTER] 15:12:16.921 [pool-2-thread-1] WARN  TestChromosome - Functional mock problem: org.evosuite.ga.ConstructionFailedException: Error: VariableReference: Statement 13, type java.util.Vector<java.lang.Class<java.io.InputStream>> is not assignable to java.util.List<java.lang.Class<?>>
[MASTER] 15:12:17.562 [pool-2-thread-1] WARN  TestChromosome - Functional mock problem: org.evosuite.ga.ConstructionFailedException: Error: VariableReference: Statement 20, type java.util.Stack<java.lang.Class<java.lang.Error>> is not assignable to java.util.List<java.lang.Class<?>>
[MASTER] 15:12:17.888 [pool-2-thread-1] WARN  TestChromosome - Functional mock problem: org.evosuite.ga.ConstructionFailedException: Failed to add constructor for io.airlift.slice.BasicSliceInput due to org.evosuite.ga.ConstructionFailedException: Failed to add constructor for com.facebook.presto.common.block.SingleMapBlock due to org.evosuite.ga.ConstructionFailedException: Failed to add constructor for com.facebook.presto.common.block.MapBlockBuilder due to org.evosuite.ga.ConstructionFailedException: Max recursion depth reached
[MASTER] 15:12:17.902 [pool-2-thread-1] WARN  TestChromosome - Functional mock problem: org.evosuite.ga.ConstructionFailedException: Failed to add constructor for com.facebook.presto.common.type.MapType due to org.evosuite.ga.ConstructionFailedException: Failed to add constructor for com.facebook.presto.common.type.VarcharEnumType due to org.evosuite.ga.ConstructionFailedException: Failed to add constructor for com.facebook.presto.common.type.VarcharEnumType$VarcharEnumMap due to org.evosuite.ga.ConstructionFailedException: Have no generator for class com.facebook.presto.common.type.VarcharEnumType canUseFunctionalMocks=false, canBeMocked: true
[MASTER] 15:12:18.252 [pool-2-thread-1] WARN  TestChromosome - Functional mock problem: org.evosuite.ga.ConstructionFailedException: Failed to add constructor for com.facebook.presto.common.block.SingleRowBlockWriter due to org.evosuite.ga.ConstructionFailedException: Failed to add constructor for com.facebook.presto.common.type.VarcharEnumType due to org.evosuite.ga.ConstructionFailedException: Failed to add constructor for com.facebook.presto.common.type.VarcharEnumType$VarcharEnumMap due to org.evosuite.ga.ConstructionFailedException: Have no generator for class com.facebook.presto.common.type.VarcharEnumType$VarcharEnumMap canUseFunctionalMocks=false, canBeMocked: true
[MASTER] 15:12:18.302 [pool-2-thread-1] WARN  TestChromosome - Functional mock problem: org.evosuite.ga.ConstructionFailedException: Failed to add constructor for com.facebook.presto.common.block.RowBlockBuilder due to org.evosuite.ga.ConstructionFailedException: Failed to add constructor for com.facebook.presto.common.type.VarcharEnumType due to org.evosuite.ga.ConstructionFailedException: Failed to add constructor for com.facebook.presto.common.type.VarcharEnumType$VarcharEnumMap due to org.evosuite.ga.ConstructionFailedException: Max recursion depth reached
[MASTER] 15:12:18.652 [pool-2-thread-1] WARN  TestChromosome - Functional mock problem: org.evosuite.ga.ConstructionFailedException: Failed to add constructor for com.facebook.presto.common.block.ByteArrayBlockBuilder due to org.evosuite.ga.ConstructionFailedException: Failed to add constructor for com.facebook.presto.common.block.BlockBuilderStatus due to org.evosuite.ga.ConstructionFailedException: Max recursion depth reached
[MASTER] 15:12:19.075 [pool-2-thread-1] WARN  TestChromosome - Functional mock problem: org.evosuite.ga.ConstructionFailedException: Failed to add constructor for io.airlift.slice.InputStreamSliceInput due to org.evosuite.ga.ConstructionFailedException: Failed to add constructor for java.io.SequenceInputStream due to org.evosuite.ga.ConstructionFailedException: Failed to add constructor for java.io.PushbackInputStream due to org.evosuite.ga.ConstructionFailedException: Failed to add constructor for java.io.BufferedInputStream due to org.evosuite.ga.ConstructionFailedException: Max recursion depth reached
[MASTER] 15:12:19.109 [pool-2-thread-1] WARN  TestChromosome - Functional mock problem: org.evosuite.ga.ConstructionFailedException: Error: VariableReference: Statement 14, type java.util.List<java.lang.Class<java.util.Locale$Category>> is not assignable to java.util.List<java.lang.Class<?>>
[MASTER] 15:12:19.304 [pool-2-thread-1] WARN  TestChromosome - Functional mock problem: org.evosuite.ga.ConstructionFailedException: Failed to add constructor for com.facebook.presto.common.block.VariableWidthBlock due to org.evosuite.ga.ConstructionFailedException: Failed to add constructor for com.facebook.presto.common.block.AbstractMapBlock$HashTables due to org.evosuite.ga.ConstructionFailedException: Max recursion depth reached
[MASTER] 15:12:19.945 [pool-2-thread-1] WARN  TestChromosome - Functional mock problem: org.evosuite.ga.ConstructionFailedException: Error: VariableReference: Statement 13, type java.util.Stack<java.lang.Class<com.facebook.presto.common.type.TinyintType>> is not assignable to java.util.List<java.lang.Class<?>>
[MASTER] 15:12:20.608 [pool-2-thread-1] WARN  TestChromosome - Functional mock problem: org.evosuite.ga.ConstructionFailedException: Error: VariableReference: Statement 16, type java.util.LinkedList<java.lang.Class<java.lang.Long>> is not assignable to java.util.List<java.lang.Class<?>>
[MASTER] 15:12:20.689 [pool-2-thread-1] WARN  TestChromosome - Functional mock problem: org.evosuite.ga.ConstructionFailedException: Failed to add constructor for com.facebook.presto.common.block.SingleMapBlock due to org.evosuite.ga.ConstructionFailedException: Failed to add constructor for com.facebook.presto.common.block.ArrayBlockBuilder due to org.evosuite.ga.ConstructionFailedException: Max recursion depth reached
[MASTER] 15:12:20.934 [pool-2-thread-1] WARN  TestChromosome - Functional mock problem: org.evosuite.ga.ConstructionFailedException: Failed to add constructor for io.airlift.slice.InputStreamSliceInput due to org.evosuite.ga.ConstructionFailedException: Failed to add constructor for io.airlift.slice.ChunkedSliceInput due to org.evosuite.ga.ConstructionFailedException: Invalid generic instance
[MASTER] 15:12:21.279 [pool-2-thread-1] WARN  TestChromosome - Functional mock problem: org.evosuite.ga.ConstructionFailedException: Failed to add constructor for io.airlift.slice.BasicSliceInput due to org.evosuite.ga.ConstructionFailedException: Failed to add constructor for io.airlift.slice.OutputStreamSliceOutput due to org.evosuite.ga.ConstructionFailedException: Max recursion depth reached
[MASTER] 15:12:21.294 [pool-2-thread-1] WARN  TestChromosome - Functional mock problem: org.evosuite.ga.ConstructionFailedException: Error: VariableReference: Statement 31, type java.util.Stack<java.lang.Class<java.io.InputStream>> is not assignable to java.util.List<java.lang.Class<?>>
[MASTER] 15:12:21.401 [pool-2-thread-1] WARN  TestChromosome - Functional mock problem: org.evosuite.ga.ConstructionFailedException: Failed to add constructor for com.facebook.presto.common.block.SingleMapBlockWriter due to org.evosuite.ga.ConstructionFailedException: Failed to add constructor for com.facebook.presto.common.block.MapBlockBuilder due to org.evosuite.ga.ConstructionFailedException: Failed to add constructor for com.facebook.presto.common.type.BigintEnumType due to org.evosuite.ga.ConstructionFailedException: Failed to add constructor for com.facebook.presto.common.type.BigintEnumType$LongEnumMap due to org.evosuite.ga.ConstructionFailedException: Max recursion depth reached
[MASTER] 15:12:21.626 [pool-2-thread-1] WARN  TestChromosome - Functional mock problem: org.evosuite.ga.ConstructionFailedException: Failed to add constructor for com.facebook.presto.common.block.VariableWidthBlock due to org.evosuite.ga.ConstructionFailedException: Failed to add constructor for com.facebook.presto.common.block.VariableWidthBlock due to org.evosuite.ga.ConstructionFailedException: Max recursion depth reached
[MASTER] 15:12:21.787 [pool-2-thread-1] WARN  TestChromosome - Functional mock problem: org.evosuite.ga.ConstructionFailedException: Failed to add constructor for io.airlift.slice.InputStreamSliceInput due to org.evosuite.ga.ConstructionFailedException: Failed to add constructor for java.io.BufferedInputStream due to org.evosuite.ga.ConstructionFailedException: Failed to add constructor for org.evosuite.runtime.mock.java.io.MockFileInputStream due to org.evosuite.ga.ConstructionFailedException: Failed to add constructor for org.evosuite.runtime.mock.java.io.MockFile due to org.evosuite.ga.ConstructionFailedException: Max recursion depth reached
[MASTER] 15:12:21.946 [pool-2-thread-1] WARN  TestChromosome - Functional mock problem: org.evosuite.ga.ConstructionFailedException: Failed to add constructor for com.facebook.presto.common.block.ArrayBlockBuilder due to org.evosuite.ga.ConstructionFailedException: Failed to add constructor for com.facebook.presto.common.block.MapBlockBuilder due to org.evosuite.ga.ConstructionFailedException: Failed to add constructor for com.facebook.presto.common.type.ArrayType due to org.evosuite.ga.ConstructionFailedException: Max recursion depth reached
* Search finished after 94s and 85 generations, 59863 statements, best individual has fitness: 955.693457117595
* Writing sequences to pool
[MASTER] 15:12:35.494 [pool-2-thread-1] WARN  TimeController - Phase SEARCH lasted too long, 14 seconds more than allowed.
[MASTER] 15:12:35.598 [pool-2-thread-1] WARN  TimeController - Current phase MINIMIZATION could run up to 15s, but only 13s are left
* Minimizing test suite
* Going to analyze the coverage criteria
* Coverage analysis for criterion LINE
* Coverage of criterion LINE: 34%
* Total number of goals: 195
* Number of covered goals: 66
* Coverage analysis for criterion BRANCH
* Coverage of criterion BRANCH: 38%
* Total number of goals: 74
* Number of covered goals: 28
* Coverage analysis for criterion EXCEPTION
* Coverage of criterion EXCEPTION: 89%
* Total number of goals: 28
* Number of covered goals: 25
* Coverage analysis for criterion WEAKMUTATION
* Coverage of criterion WEAKMUTATION: 17%
* Total number of goals: 838
* Number of covered goals: 143
* Coverage analysis for criterion OUTPUT
* Coverage of criterion OUTPUT: 41%
* Total number of goals: 56
* Number of covered goals: 23
* Coverage analysis for criterion METHOD
* Coverage of criterion METHOD: 100%
* Total number of goals: 23
* Number of covered goals: 23
* Coverage analysis for criterion METHODNOEXCEPTION
* Coverage of criterion METHODNOEXCEPTION: 65%
* Total number of goals: 23
* Number of covered goals: 15
* Coverage analysis for criterion CBRANCH
* Coverage of criterion CBRANCH: 38%
* Total number of goals: 74
* Number of covered goals: 28
* Generated 52 tests with total length 211
* Resulting test suite's coverage: 54% (average coverage for all fitness functions)
* Generating assertions
[MASTER] 15:12:38.472 [pool-2-thread-1] WARN  TimeController - Current phase ASSERTION_GENERATION could run up to 15s, but only 10s are left
* Resulting test suite's mutation score: 7%
* Compiling and checking tests
[MASTER] 15:12:45.101 [pool-2-thread-1] WARN  TimeController - Current phase JUNIT_CHECK could run up to 15s, but only 3s are left
